------------------------------------------------------------------------------------------------------------------------

[2024-10-26 20:44:53 #1 store] 
Database 'D:\Stuff\X-tras\Programs for work\objectdb-2.9.0\objectdb-2.9.0\db\odbtest.odb' is opened by 6368@DESKTOP-O31KUMM

[2024-10-26 20:44:53 #2 store] 
Configuration path: D:\Stuff\X-tras\Programs for work\objectdb-2.9.0\objectdb-2.9.0\objectdb.conf

[2024-10-26 20:44:53 #3 type] 
Type odb_test.Student is not enhanced.

[2024-10-26 20:44:53 #4 store] 
Database 'D:\Stuff\X-tras\Programs for work\objectdb-2.9.0\objectdb-2.9.0\db\odbtest.odb' is closed by 6368@DESKTOP-O31KUMM

[2024-10-26 20:44:54 #5 store] 
Database 'D:\Stuff\X-tras\Programs for work\objectdb-2.9.0\objectdb-2.9.0\db\odbtest.odb' is opened by 6368@DESKTOP-O31KUMM

[2024-10-26 20:44:54 #6 store] 
Configuration path: D:\Stuff\X-tras\Programs for work\objectdb-2.9.0\objectdb-2.9.0\objectdb.conf

[2024-10-26 20:44:54 #7 store] 
Database 'D:\Stuff\X-tras\Programs for work\objectdb-2.9.0\objectdb-2.9.0\db\odbtest.odb' is closed by 6368@DESKTOP-O31KUMM

[2024-10-26 20:44:54 #8 store] 
Database 'D:\Stuff\X-tras\Programs for work\objectdb-2.9.0\objectdb-2.9.0\db\odbtest.odb' is opened by 6368@DESKTOP-O31KUMM

[2024-10-26 20:44:54 #9 store] 
Configuration path: D:\Stuff\X-tras\Programs for work\objectdb-2.9.0\objectdb-2.9.0\objectdb.conf

[2024-10-26 20:44:54 #10 store] 
Database 'D:\Stuff\X-tras\Programs for work\objectdb-2.9.0\objectdb-2.9.0\db\odbtest.odb' is closed by 6368@DESKTOP-O31KUMM

[2024-10-26 20:44:55 #11 store] 
Database 'D:\Stuff\X-tras\Programs for work\objectdb-2.9.0\objectdb-2.9.0\db\odbtest.odb' is opened by 6368@DESKTOP-O31KUMM

[2024-10-26 20:44:55 #12 store] 
Configuration path: D:\Stuff\X-tras\Programs for work\objectdb-2.9.0\objectdb-2.9.0\objectdb.conf

[2024-10-26 20:44:55 #13 store] 
Database 'D:\Stuff\X-tras\Programs for work\objectdb-2.9.0\objectdb-2.9.0\db\odbtest.odb' is closed by 6368@DESKTOP-O31KUMM

------------------------------------------------------------------------------------------------------------------------

[2024-10-26 20:45:37 #1 store] 
Database 'D:\Stuff\X-tras\Programs for work\objectdb-2.9.0\objectdb-2.9.0\db\odbtest.odb' is opened by 21772@DESKTOP-O31KUMM

[2024-10-26 20:45:37 #2 store] 
Configuration path: D:\Stuff\X-tras\Programs for work\objectdb-2.9.0\objectdb-2.9.0\objectdb.conf

[2024-10-26 20:45:37 #3 type] 
Type odb_test.Student is not enhanced.

[2024-10-26 20:45:37 #4 store] 
Database 'D:\Stuff\X-tras\Programs for work\objectdb-2.9.0\objectdb-2.9.0\db\odbtest.odb' is closed by 21772@DESKTOP-O31KUMM

[2024-10-26 20:45:38 #5 store] 
Database 'D:\Stuff\X-tras\Programs for work\objectdb-2.9.0\objectdb-2.9.0\db\odbtest.odb' is opened by 21772@DESKTOP-O31KUMM

[2024-10-26 20:45:38 #6 store] 
Configuration path: D:\Stuff\X-tras\Programs for work\objectdb-2.9.0\objectdb-2.9.0\objectdb.conf

[2024-10-26 20:45:38 #7 store] 
Database 'D:\Stuff\X-tras\Programs for work\objectdb-2.9.0\objectdb-2.9.0\db\odbtest.odb' is closed by 21772@DESKTOP-O31KUMM

[2024-10-26 20:45:38 #8 store] 
Database 'D:\Stuff\X-tras\Programs for work\objectdb-2.9.0\objectdb-2.9.0\db\odbtest.odb' is opened by 21772@DESKTOP-O31KUMM

[2024-10-26 20:45:38 #9 store] 
Configuration path: D:\Stuff\X-tras\Programs for work\objectdb-2.9.0\objectdb-2.9.0\objectdb.conf

[2024-10-26 20:45:38 #10 store] 
Database 'D:\Stuff\X-tras\Programs for work\objectdb-2.9.0\objectdb-2.9.0\db\odbtest.odb' is closed by 21772@DESKTOP-O31KUMM

[2024-10-26 20:45:39 #11 store] 
Database 'D:\Stuff\X-tras\Programs for work\objectdb-2.9.0\objectdb-2.9.0\db\odbtest.odb' is opened by 21772@DESKTOP-O31KUMM

[2024-10-26 20:45:39 #12 store] 
Configuration path: D:\Stuff\X-tras\Programs for work\objectdb-2.9.0\objectdb-2.9.0\objectdb.conf

[2024-10-26 20:45:39 #13 store] 
Database 'D:\Stuff\X-tras\Programs for work\objectdb-2.9.0\objectdb-2.9.0\db\odbtest.odb' is closed by 21772@DESKTOP-O31KUMM

------------------------------------------------------------------------------------------------------------------------

[2024-10-26 20:45:47 #1 store] 
Database 'D:\Stuff\X-tras\Programs for work\objectdb-2.9.0\objectdb-2.9.0\db\p2.odb' is opened by 15900@DESKTOP-O31KUMM

[2024-10-26 20:45:47 #2 store] 
Configuration path: D:\Stuff\X-tras\Programs for work\objectdb-2.9.0\objectdb-2.9.0\objectdb.conf

[2024-10-26 20:45:47 #3 type] 
Type tutorial.Point is not enhanced.

[2024-10-26 20:45:48 #4 store] 
Database 'D:\Stuff\X-tras\Programs for work\objectdb-2.9.0\objectdb-2.9.0\db\p2.odb' is closed by 15900@DESKTOP-O31KUMM

------------------------------------------------------------------------------------------------------------------------

[2024-10-26 20:45:56 #1 store] 
Database 'D:\Stuff\X-tras\Programs for work\objectdb-2.9.0\objectdb-2.9.0\db\p2.odb' is opened by 23360@DESKTOP-O31KUMM

[2024-10-26 20:45:56 #2 store] 
Configuration path: D:\Stuff\X-tras\Programs for work\objectdb-2.9.0\objectdb-2.9.0\objectdb.conf

[2024-10-26 20:45:56 #3 type] 
Type tutorial.Point is not enhanced.

[2024-10-26 20:45:56 #4 store] 
Database 'D:\Stuff\X-tras\Programs for work\objectdb-2.9.0\objectdb-2.9.0\db\p2.odb' is closed by 23360@DESKTOP-O31KUMM

------------------------------------------------------------------------------------------------------------------------

[2024-10-26 20:45:59 #1 store] 
Database 'D:\Stuff\X-tras\Programs for work\objectdb-2.9.0\objectdb-2.9.0\db\p2.odb' is opened by 21292@DESKTOP-O31KUMM

[2024-10-26 20:45:59 #2 store] 
Configuration path: D:\Stuff\X-tras\Programs for work\objectdb-2.9.0\objectdb-2.9.0\objectdb.conf

[2024-10-26 20:45:59 #3 type] 
Type tutorial.Point is not enhanced.

[2024-10-26 20:46:00 #4 store] 
Database 'D:\Stuff\X-tras\Programs for work\objectdb-2.9.0\objectdb-2.9.0\db\p2.odb' is closed by 21292@DESKTOP-O31KUMM

------------------------------------------------------------------------------------------------------------------------

[2024-10-26 20:46:03 #1 store] 
Database 'D:\Stuff\X-tras\Programs for work\objectdb-2.9.0\objectdb-2.9.0\db\p2.odb' is opened by 12640@DESKTOP-O31KUMM

[2024-10-26 20:46:03 #2 store] 
Configuration path: D:\Stuff\X-tras\Programs for work\objectdb-2.9.0\objectdb-2.9.0\objectdb.conf

[2024-10-26 20:46:03 #3 type] 
Type tutorial.Point is not enhanced.

[2024-10-26 20:46:03 #4 store] 
Database 'D:\Stuff\X-tras\Programs for work\objectdb-2.9.0\objectdb-2.9.0\db\p2.odb' is closed by 12640@DESKTOP-O31KUMM

------------------------------------------------------------------------------------------------------------------------

[2024-10-26 20:46:15 #1 store] 
Database 'D:\Stuff\X-tras\Programs for work\objectdb-2.9.0\objectdb-2.9.0\db\odbtest.odb' is opened by 23292@DESKTOP-O31KUMM

[2024-10-26 20:46:15 #2 store] 
Configuration path: D:\Stuff\X-tras\Programs for work\objectdb-2.9.0\objectdb-2.9.0\objectdb.conf

[2024-10-26 20:46:15 #3 type] 
Type odb_test.Student is not enhanced.

[2024-10-26 20:46:15 #4 store] 
Database 'D:\Stuff\X-tras\Programs for work\objectdb-2.9.0\objectdb-2.9.0\db\odbtest.odb' is closed by 23292@DESKTOP-O31KUMM

[2024-10-26 20:46:16 #5 store] 
Database 'D:\Stuff\X-tras\Programs for work\objectdb-2.9.0\objectdb-2.9.0\db\odbtest.odb' is opened by 23292@DESKTOP-O31KUMM

[2024-10-26 20:46:16 #6 store] 
Configuration path: D:\Stuff\X-tras\Programs for work\objectdb-2.9.0\objectdb-2.9.0\objectdb.conf

[2024-10-26 20:46:16 #7 store] 
Database 'D:\Stuff\X-tras\Programs for work\objectdb-2.9.0\objectdb-2.9.0\db\odbtest.odb' is closed by 23292@DESKTOP-O31KUMM

[2024-10-26 20:46:16 #8 store] 
Database 'D:\Stuff\X-tras\Programs for work\objectdb-2.9.0\objectdb-2.9.0\db\odbtest.odb' is opened by 23292@DESKTOP-O31KUMM

[2024-10-26 20:46:16 #9 store] 
Configuration path: D:\Stuff\X-tras\Programs for work\objectdb-2.9.0\objectdb-2.9.0\objectdb.conf

[2024-10-26 20:46:16 #10 store] 
Database 'D:\Stuff\X-tras\Programs for work\objectdb-2.9.0\objectdb-2.9.0\db\odbtest.odb' is closed by 23292@DESKTOP-O31KUMM

[2024-10-26 20:46:16 #11 store] 
Database 'D:\Stuff\X-tras\Programs for work\objectdb-2.9.0\objectdb-2.9.0\db\odbtest.odb' is opened by 23292@DESKTOP-O31KUMM

[2024-10-26 20:46:16 #12 store] 
Configuration path: D:\Stuff\X-tras\Programs for work\objectdb-2.9.0\objectdb-2.9.0\objectdb.conf

[2024-10-26 20:46:16 #13 store] 
Database 'D:\Stuff\X-tras\Programs for work\objectdb-2.9.0\objectdb-2.9.0\db\odbtest.odb' is closed by 23292@DESKTOP-O31KUMM

------------------------------------------------------------------------------------------------------------------------

[2024-10-26 20:46:41 #1 store] 
Database 'D:\Stuff\X-tras\Programs for work\objectdb-2.9.0\objectdb-2.9.0\db\odbtest.odb' is opened by 13924@DESKTOP-O31KUMM

[2024-10-26 20:46:41 #2 store] 
Configuration path: D:\Stuff\X-tras\Programs for work\objectdb-2.9.0\objectdb-2.9.0\objectdb.conf

[2024-10-26 20:46:41 #3 type] 
Type odb_test.Student is not enhanced.

[2024-10-26 20:46:41 #4 store] 
Database 'D:\Stuff\X-tras\Programs for work\objectdb-2.9.0\objectdb-2.9.0\db\odbtest.odb' is closed by 13924@DESKTOP-O31KUMM

[2024-10-26 20:46:42 #5 store] 
Database 'D:\Stuff\X-tras\Programs for work\objectdb-2.9.0\objectdb-2.9.0\db\odbtest.odb' is opened by 13924@DESKTOP-O31KUMM

[2024-10-26 20:46:42 #6 store] 
Configuration path: D:\Stuff\X-tras\Programs for work\objectdb-2.9.0\objectdb-2.9.0\objectdb.conf

[2024-10-26 20:46:42 #7 store] 
Database 'D:\Stuff\X-tras\Programs for work\objectdb-2.9.0\objectdb-2.9.0\db\odbtest.odb' is closed by 13924@DESKTOP-O31KUMM

[2024-10-26 20:46:42 #8 store] 
Database 'D:\Stuff\X-tras\Programs for work\objectdb-2.9.0\objectdb-2.9.0\db\odbtest.odb' is opened by 13924@DESKTOP-O31KUMM

[2024-10-26 20:46:42 #9 store] 
Configuration path: D:\Stuff\X-tras\Programs for work\objectdb-2.9.0\objectdb-2.9.0\objectdb.conf

[2024-10-26 20:46:42 #10 store] 
Database 'D:\Stuff\X-tras\Programs for work\objectdb-2.9.0\objectdb-2.9.0\db\odbtest.odb' is closed by 13924@DESKTOP-O31KUMM

[2024-10-26 20:46:43 #11 store] 
Database 'D:\Stuff\X-tras\Programs for work\objectdb-2.9.0\objectdb-2.9.0\db\odbtest.odb' is opened by 13924@DESKTOP-O31KUMM

[2024-10-26 20:46:43 #12 store] 
Configuration path: D:\Stuff\X-tras\Programs for work\objectdb-2.9.0\objectdb-2.9.0\objectdb.conf

[2024-10-26 20:46:43 #13 store] 
Database 'D:\Stuff\X-tras\Programs for work\objectdb-2.9.0\objectdb-2.9.0\db\odbtest.odb' is closed by 13924@DESKTOP-O31KUMM

------------------------------------------------------------------------------------------------------------------------

[2024-10-26 19:46:56 #1 store] 
Database 'D:\Stuff\X-tras\Programs for work\objectdb-2.9.0\objectdb-2.9.0\db\odbtest.odb' is opened by 18572@DESKTOP-O31KUMM

[2024-10-26 19:46:56 #2 store] 
Configuration path: D:\Stuff\X-tras\Programs for work\objectdb-2.9.0\objectdb-2.9.0\objectdb.conf

[2024-10-26 19:48:14 #3 store] 
Database 'D:\Stuff\X-tras\Programs for work\objectdb-2.9.0\objectdb-2.9.0\db\odbtest.odb' is closed by 18572@DESKTOP-O31KUMM

------------------------------------------------------------------------------------------------------------------------

[2024-10-26 20:48:18 #1 store] 
Database 'D:\Stuff\X-tras\Programs for work\objectdb-2.9.0\objectdb-2.9.0\db\odbtest.odb' is opened by 20660@DESKTOP-O31KUMM

[2024-10-26 20:48:18 #2 store] 
Configuration path: D:\Stuff\X-tras\Programs for work\objectdb-2.9.0\objectdb-2.9.0\objectdb.conf

[2024-10-26 20:48:18 #3 type] 
Type odb_test.Student is not enhanced.

[2024-10-26 20:48:18 #4 store] 
Database 'D:\Stuff\X-tras\Programs for work\objectdb-2.9.0\objectdb-2.9.0\db\odbtest.odb' is closed by 20660@DESKTOP-O31KUMM

------------------------------------------------------------------------------------------------------------------------

[2024-10-26 20:48:27 #1 store] 
Database 'D:\Stuff\X-tras\Programs for work\objectdb-2.9.0\objectdb-2.9.0\db\odbtest.odb' is opened by 17152@DESKTOP-O31KUMM

[2024-10-26 20:48:27 #2 store] 
Configuration path: D:\Stuff\X-tras\Programs for work\objectdb-2.9.0\objectdb-2.9.0\objectdb.conf

[2024-10-26 20:48:27 #3 type] 
Type odb_test.Student is not enhanced.

[2024-10-26 20:48:27 #4 store] 
Database 'D:\Stuff\X-tras\Programs for work\objectdb-2.9.0\objectdb-2.9.0\db\odbtest.odb' is closed by 17152@DESKTOP-O31KUMM

------------------------------------------------------------------------------------------------------------------------

[2024-10-26 20:50:03 #1 store] 
Database 'D:\Stuff\X-tras\Programs for work\objectdb-2.9.0\objectdb-2.9.0\db\odbtest.odb' is opened by 21980@DESKTOP-O31KUMM

[2024-10-26 20:50:03 #2 store] 
Configuration path: D:\Stuff\X-tras\Programs for work\objectdb-2.9.0\objectdb-2.9.0\objectdb.conf

[2024-10-26 20:50:03 #3 type] 
Type odb_test.Student is not enhanced.

[2024-10-26 20:50:03 #4 store] 
Database 'D:\Stuff\X-tras\Programs for work\objectdb-2.9.0\objectdb-2.9.0\db\odbtest.odb' is closed by 21980@DESKTOP-O31KUMM

------------------------------------------------------------------------------------------------------------------------

[2024-10-26 20:55:33 #1 store] 
Database 'D:\Stuff\X-tras\Programs for work\objectdb-2.9.0\objectdb-2.9.0\db\odbtest.odb' is opened by 4856@DESKTOP-O31KUMM

[2024-10-26 20:55:33 #2 store] 
Configuration path: D:\Stuff\X-tras\Programs for work\objectdb-2.9.0\objectdb-2.9.0\objectdb.conf

[2024-10-26 20:55:33 #3 type] 
Type odb_test.Student is not enhanced.

[2024-10-26 20:55:33 #4 store] 
Database 'D:\Stuff\X-tras\Programs for work\objectdb-2.9.0\objectdb-2.9.0\db\odbtest.odb' is closed by 4856@DESKTOP-O31KUMM

------------------------------------------------------------------------------------------------------------------------

[2024-10-26 21:01:53 #1 store] 
Database 'D:\Stuff\X-tras\Programs for work\objectdb-2.9.0\objectdb-2.9.0\db\odbtest.odb' is opened by 19640@DESKTOP-O31KUMM

[2024-10-26 21:01:53 #2 store] 
Configuration path: D:\Stuff\X-tras\Programs for work\objectdb-2.9.0\objectdb-2.9.0\objectdb.conf

[2024-10-26 21:01:53 #3 type] 
Type odb_test.Student is not enhanced.

------------------------------------------------------------------------------------------------------------------------

[2024-10-26 21:02:13 #1 store] 
Database 'D:\Stuff\X-tras\Programs for work\objectdb-2.9.0\objectdb-2.9.0\db\odbtest.odb' is opened by 13868@DESKTOP-O31KUMM

[2024-10-26 21:02:13 #2 store] 
Configuration path: D:\Stuff\X-tras\Programs for work\objectdb-2.9.0\objectdb-2.9.0\objectdb.conf

[2024-10-26 21:02:13 #3 type] 
Type odb_test.Student is not enhanced.

------------------------------------------------------------------------------------------------------------------------

[2024-10-26 21:03:01 #1 store] 
Database 'D:\Stuff\X-tras\Programs for work\objectdb-2.9.0\objectdb-2.9.0\db\odbtest.odb' is opened by 19480@DESKTOP-O31KUMM

[2024-10-26 21:03:01 #2 store] 
Configuration path: D:\Stuff\X-tras\Programs for work\objectdb-2.9.0\objectdb-2.9.0\objectdb.conf

[2024-10-26 21:03:01 #3 type] 
Type odb_test.Student is not enhanced.

------------------------------------------------------------------------------------------------------------------------

[2024-10-26 21:04:28 #1 store] 
Database 'D:\Stuff\X-tras\Programs for work\objectdb-2.9.0\objectdb-2.9.0\db\odbtest.odb' is opened by 16544@DESKTOP-O31KUMM

[2024-10-26 21:04:28 #2 store] 
Configuration path: D:\Stuff\X-tras\Programs for work\objectdb-2.9.0\objectdb-2.9.0\objectdb.conf

[2024-10-26 21:04:28 #3 type] 
Type odb_test.Student is not enhanced.

------------------------------------------------------------------------------------------------------------------------

[2024-10-26 21:11:20 #1 store] 
Database 'D:\Stuff\X-tras\Programs for work\objectdb-2.9.0\objectdb-2.9.0\db\odbtest.odb' is opened by 12808@DESKTOP-O31KUMM

[2024-10-26 21:11:20 #2 store] 
Configuration path: D:\Stuff\X-tras\Programs for work\objectdb-2.9.0\objectdb-2.9.0\objectdb.conf

[2024-10-26 21:11:20 #3 type] 
Type odb_test.Student is not enhanced.

------------------------------------------------------------------------------------------------------------------------

[2024-10-26 21:14:52 #1 store] 
Database 'D:\Stuff\X-tras\Programs for work\objectdb-2.9.0\objectdb-2.9.0\db\odbtest.odb' is opened by 25164@DESKTOP-O31KUMM

[2024-10-26 21:14:52 #2 store] 
Configuration path: D:\Stuff\X-tras\Programs for work\objectdb-2.9.0\objectdb-2.9.0\objectdb.conf

[2024-10-26 21:14:52 #3 type] 
Type odb_test.Student is not enhanced.

------------------------------------------------------------------------------------------------------------------------

[2024-10-26 21:19:28 #1 store] 
Database 'D:\Stuff\X-tras\Programs for work\objectdb-2.9.0\objectdb-2.9.0\db\odbtest.odb' is opened by 23428@DESKTOP-O31KUMM

[2024-10-26 21:19:28 #2 store] 
Configuration path: D:\Stuff\X-tras\Programs for work\objectdb-2.9.0\objectdb-2.9.0\objectdb.conf

[2024-10-26 21:19:28 #3 type] 
Type odb_test.Student is not enhanced.

------------------------------------------------------------------------------------------------------------------------

[2024-10-26 21:25:09 #1 store] 
Database 'D:\Stuff\X-tras\Programs for work\objectdb-2.9.0\objectdb-2.9.0\db\odbtest.odb' is opened by 3864@DESKTOP-O31KUMM

[2024-10-26 21:25:09 #2 store] 
Configuration path: D:\Stuff\X-tras\Programs for work\objectdb-2.9.0\objectdb-2.9.0\objectdb.conf

[2024-10-26 21:25:09 #3 type] 
Type odb_test.Student is not enhanced.

------------------------------------------------------------------------------------------------------------------------

[2024-10-26 21:25:40 #1 store] 
Database 'D:\Stuff\X-tras\Programs for work\objectdb-2.9.0\objectdb-2.9.0\db\odbtest.odb' has been recovered (tr. 16-16)

[2024-10-26 21:25:40 #2 store] 
Database 'D:\Stuff\X-tras\Programs for work\objectdb-2.9.0\objectdb-2.9.0\db\odbtest.odb' is opened by 3664@DESKTOP-O31KUMM

[2024-10-26 21:25:40 #3 store] 
Configuration path: D:\Stuff\X-tras\Programs for work\objectdb-2.9.0\objectdb-2.9.0\objectdb.conf

[2024-10-26 21:25:40 #4 type] 
Type odb_test.Student is not enhanced.

------------------------------------------------------------------------------------------------------------------------

[2024-10-26 20:37:35 #1 store] 
Database 'D:\Stuff\X-tras\Programs for work\objectdb-2.9.0\objectdb-2.9.0\db\odbtest.odb' is opened by 22660@DESKTOP-O31KUMM

[2024-10-26 20:37:35 #2 store] 
Configuration path: D:\Stuff\X-tras\Programs for work\objectdb-2.9.0\objectdb-2.9.0\objectdb.conf

[2024-10-26 20:38:09 #3 store] 
Database 'D:\Stuff\X-tras\Programs for work\objectdb-2.9.0\objectdb-2.9.0\db\odbtest.odb' is closed by 22660@DESKTOP-O31KUMM

------------------------------------------------------------------------------------------------------------------------

[2024-10-26 22:03:22 #1 store] 
Database 'D:\Stuff\X-tras\Programs for work\objectdb-2.9.0\objectdb-2.9.0\db\odbtest.odb' is opened by 6884@DESKTOP-O31KUMM

[2024-10-26 22:03:22 #2 store] 
Configuration path: D:\Stuff\X-tras\Programs for work\objectdb-2.9.0\objectdb-2.9.0\objectdb.conf

[2024-10-26 22:03:22 #3 type] 
Type odb_test.Student is not enhanced.

[2024-10-26 22:03:22 #4 store] 
Database 'D:\Stuff\X-tras\Programs for work\objectdb-2.9.0\objectdb-2.9.0\db\odbtest.odb' is closed by 6884@DESKTOP-O31KUMM

------------------------------------------------------------------------------------------------------------------------

[2024-10-26 22:03:57 #1 store] 
Database 'D:\Stuff\X-tras\Programs for work\objectdb-2.9.0\objectdb-2.9.0\db\odbtest.odb' is opened by 14916@DESKTOP-O31KUMM

[2024-10-26 22:03:57 #2 store] 
Configuration path: D:\Stuff\X-tras\Programs for work\objectdb-2.9.0\objectdb-2.9.0\objectdb.conf

[2024-10-26 22:03:57 #3 type] 
Type odb_test.Student is not enhanced.

------------------------------------------------------------------------------------------------------------------------

[2024-10-26 21:04:07 #1 store] 
Database 'D:\Stuff\X-tras\Programs for work\objectdb-2.9.0\objectdb-2.9.0\db\odbtest.odb' is opened by 25496@DESKTOP-O31KUMM

[2024-10-26 21:04:07 #2 store] 
Configuration path: D:\Stuff\X-tras\Programs for work\objectdb-2.9.0\objectdb-2.9.0\objectdb.conf

[2024-10-26 21:04:33 #3 store] 
Database 'D:\Stuff\X-tras\Programs for work\objectdb-2.9.0\objectdb-2.9.0\db\odbtest.odb' is closed by 25496@DESKTOP-O31KUMM

------------------------------------------------------------------------------------------------------------------------

[2024-10-26 22:18:51 #1 store] 
Database 'D:\Stuff\X-tras\Programs for work\objectdb-2.9.0\objectdb-2.9.0\db\odbtest.odb' is opened by 1716@DESKTOP-O31KUMM

[2024-10-26 22:18:51 #2 store] 
Configuration path: D:\Stuff\X-tras\Programs for work\objectdb-2.9.0\objectdb-2.9.0\objectdb.conf

[2024-10-26 22:18:51 #3 type] 
Type odb_test.Student is not enhanced.

[2024-10-26 22:18:51 #4 type] 
Type odb_test.Enrollment is not enhanced.

[2024-10-26 22:18:51 #5 type] 
Type odb_test.Course is not enhanced.

[2024-10-26 22:18:51 #6 store] 
Database 'D:\Stuff\X-tras\Programs for work\objectdb-2.9.0\objectdb-2.9.0\db\odbtest.odb' is closed by 1716@DESKTOP-O31KUMM

[2024-10-26 22:18:51 #7 store] 
Database 'D:\Stuff\X-tras\Programs for work\objectdb-2.9.0\objectdb-2.9.0\db\odbtest.odb' is opened by 1716@DESKTOP-O31KUMM

[2024-10-26 22:18:51 #8 store] 
Configuration path: D:\Stuff\X-tras\Programs for work\objectdb-2.9.0\objectdb-2.9.0\objectdb.conf

[2024-10-26 22:18:51 #9 store] 
Database 'D:\Stuff\X-tras\Programs for work\objectdb-2.9.0\objectdb-2.9.0\db\odbtest.odb' is closed by 1716@DESKTOP-O31KUMM

[2024-10-26 22:18:51 #10 store] 
Database 'D:\Stuff\X-tras\Programs for work\objectdb-2.9.0\objectdb-2.9.0\db\odbtest.odb' is opened by 1716@DESKTOP-O31KUMM

[2024-10-26 22:18:51 #11 store] 
Configuration path: D:\Stuff\X-tras\Programs for work\objectdb-2.9.0\objectdb-2.9.0\objectdb.conf

[2024-10-26 22:18:51 #12 store] 
Database 'D:\Stuff\X-tras\Programs for work\objectdb-2.9.0\objectdb-2.9.0\db\odbtest.odb' is closed by 1716@DESKTOP-O31KUMM

[2024-10-26 22:18:51 #13 store] 
Database 'D:\Stuff\X-tras\Programs for work\objectdb-2.9.0\objectdb-2.9.0\db\odbtest.odb' is opened by 1716@DESKTOP-O31KUMM

[2024-10-26 22:18:51 #14 store] 
Configuration path: D:\Stuff\X-tras\Programs for work\objectdb-2.9.0\objectdb-2.9.0\objectdb.conf

------------------------------------------------------------------------------------------------------------------------

[2024-10-26 21:19:04 #1 store] 
Database 'D:\Stuff\X-tras\Programs for work\objectdb-2.9.0\objectdb-2.9.0\db\odbtest.odb' has been recovered (tr. 23-25)

[2024-10-26 21:19:05 #2 store] 
Database 'D:\Stuff\X-tras\Programs for work\objectdb-2.9.0\objectdb-2.9.0\db\odbtest.odb' is opened by 12628@DESKTOP-O31KUMM

[2024-10-26 21:19:05 #3 store] 
Configuration path: D:\Stuff\X-tras\Programs for work\objectdb-2.9.0\objectdb-2.9.0\objectdb.conf

[2024-10-26 21:20:22 #4 store] 
Database 'D:\Stuff\X-tras\Programs for work\objectdb-2.9.0\objectdb-2.9.0\db\odbtest.odb' is closed by 12628@DESKTOP-O31KUMM

