------------------------------------------------------------------------------------------------------------------------

[2024-10-29 12:10:52 #1 store] 
Database 'D:\Stuff\X-tras\Programs for work\objectdb-2.9.0\objectdb-2.9.0\db\odbtest.odb' is opened by 23976@DESKTOP-O31KUMM

[2024-10-29 12:10:52 #2 store] 
Configuration path: D:\Stuff\X-tras\Programs for work\objectdb-2.9.0\objectdb-2.9.0\objectdb.conf

[2024-10-29 12:10:52 #3 type] 
Type odb_test.Student is not enhanced.

[2024-10-29 12:10:52 #4 type] 
Type odb_test.Enrollment is not enhanced.

[2024-10-29 12:10:52 #5 type] 
Type odb_test.Course is not enhanced.

[2024-10-29 12:10:52 #6 store] 
Database 'D:\Stuff\X-tras\Programs for work\objectdb-2.9.0\objectdb-2.9.0\db\odbtest.odb' is closed by 23976@DESKTOP-O31KUMM

------------------------------------------------------------------------------------------------------------------------

[2024-10-29 12:11:11 #1 store] 
Database 'D:\Stuff\X-tras\Programs for work\objectdb-2.9.0\objectdb-2.9.0\db\odbtest.odb' is opened by 17940@DESKTOP-O31KUMM

[2024-10-29 12:11:11 #2 store] 
Configuration path: D:\Stuff\X-tras\Programs for work\objectdb-2.9.0\objectdb-2.9.0\objectdb.conf

[2024-10-29 12:11:11 #3 type] 
Type odb_test.Student is not enhanced.

[2024-10-29 12:11:11 #4 type] 
Type odb_test.Enrollment is not enhanced.

[2024-10-29 12:11:11 #5 type] 
Type odb_test.Course is not enhanced.

[2024-10-29 12:11:11 #6 store] 
Database 'D:\Stuff\X-tras\Programs for work\objectdb-2.9.0\objectdb-2.9.0\db\odbtest.odb' is closed by 17940@DESKTOP-O31KUMM

------------------------------------------------------------------------------------------------------------------------

[2024-10-29 12:16:25 #1 store] 
Database 'D:\Stuff\X-tras\Programs for work\objectdb-2.9.0\objectdb-2.9.0\db\odbtest.odb' is opened by 15624@DESKTOP-O31KUMM

[2024-10-29 12:16:25 #2 store] 
Configuration path: D:\Stuff\X-tras\Programs for work\objectdb-2.9.0\objectdb-2.9.0\objectdb.conf

[2024-10-29 12:16:25 #3 type] 
Type odb_test.Student is not enhanced.

[2024-10-29 12:16:25 #4 type] 
Type odb_test.Enrollment is not enhanced.

[2024-10-29 12:16:25 #5 type] 
Type odb_test.Course is not enhanced.

[2024-10-29 12:16:25 #6 store] 
Database 'D:\Stuff\X-tras\Programs for work\objectdb-2.9.0\objectdb-2.9.0\db\odbtest.odb' is closed by 15624@DESKTOP-O31KUMM

------------------------------------------------------------------------------------------------------------------------

[2024-10-29 12:26:04 #1 store] 
Database 'D:\Stuff\X-tras\Programs for work\objectdb-2.9.0\objectdb-2.9.0\db\odbtest.odb' is opened by 21412@DESKTOP-O31KUMM

[2024-10-29 12:26:04 #2 store] 
Configuration path: D:\Stuff\X-tras\Programs for work\objectdb-2.9.0\objectdb-2.9.0\objectdb.conf

[2024-10-29 12:26:04 #3 type] 
Type odb_test.Student is not enhanced.

[2024-10-29 12:26:04 #4 type] 
Type odb_test.Enrollment is not enhanced.

[2024-10-29 12:26:04 #5 type] 
Type odb_test.Course is not enhanced.

[2024-10-29 12:26:04 #6 store] 
Database 'D:\Stuff\X-tras\Programs for work\objectdb-2.9.0\objectdb-2.9.0\db\odbtest.odb' is closed by 21412@DESKTOP-O31KUMM

------------------------------------------------------------------------------------------------------------------------

[2024-10-29 12:42:53 #1 store] 
Database 'D:\Stuff\X-tras\Programs for work\objectdb-2.9.0\objectdb-2.9.0\db\odbtest.odb' is opened by 24160@DESKTOP-O31KUMM

[2024-10-29 12:42:53 #2 store] 
Configuration path: D:\Stuff\X-tras\Programs for work\objectdb-2.9.0\objectdb-2.9.0\objectdb.conf

[2024-10-29 12:42:53 #3 type] 
Type odb_test.Student is not enhanced.

[2024-10-29 12:42:53 #4 type] 
Type odb_test.Enrollment is not enhanced.

[2024-10-29 12:42:53 #5 type] 
Type odb_test.Course is not enhanced.

[2024-10-29 12:42:53 #6 store] 
Database 'D:\Stuff\X-tras\Programs for work\objectdb-2.9.0\objectdb-2.9.0\db\odbtest.odb' is closed by 24160@DESKTOP-O31KUMM

[2024-10-29 12:42:53 #7 store] 
Database 'D:\Stuff\X-tras\Programs for work\objectdb-2.9.0\objectdb-2.9.0\db\odbtest.odb' is opened by 24160@DESKTOP-O31KUMM

[2024-10-29 12:42:53 #8 store] 
Configuration path: D:\Stuff\X-tras\Programs for work\objectdb-2.9.0\objectdb-2.9.0\objectdb.conf

[2024-10-29 12:42:53 #9 store] 
Database 'D:\Stuff\X-tras\Programs for work\objectdb-2.9.0\objectdb-2.9.0\db\odbtest.odb' is closed by 24160@DESKTOP-O31KUMM

------------------------------------------------------------------------------------------------------------------------

[2024-10-29 12:43:12 #1 store] 
Database 'D:\Stuff\X-tras\Programs for work\objectdb-2.9.0\objectdb-2.9.0\db\odbtest.odb' is opened by 10216@DESKTOP-O31KUMM

[2024-10-29 12:43:12 #2 store] 
Configuration path: D:\Stuff\X-tras\Programs for work\objectdb-2.9.0\objectdb-2.9.0\objectdb.conf

[2024-10-29 12:43:12 #3 type] 
Type odb_test.Student is not enhanced.

[2024-10-29 12:43:12 #4 type] 
Type odb_test.Enrollment is not enhanced.

[2024-10-29 12:43:12 #5 type] 
Type odb_test.Course is not enhanced.

[2024-10-29 12:43:12 #6 store] 
Database 'D:\Stuff\X-tras\Programs for work\objectdb-2.9.0\objectdb-2.9.0\db\odbtest.odb' is closed by 10216@DESKTOP-O31KUMM

[2024-10-29 12:43:12 #7 store] 
Database 'D:\Stuff\X-tras\Programs for work\objectdb-2.9.0\objectdb-2.9.0\db\odbtest.odb' is opened by 10216@DESKTOP-O31KUMM

[2024-10-29 12:43:12 #8 store] 
Configuration path: D:\Stuff\X-tras\Programs for work\objectdb-2.9.0\objectdb-2.9.0\objectdb.conf

[2024-10-29 12:43:12 #9 store] 
Database 'D:\Stuff\X-tras\Programs for work\objectdb-2.9.0\objectdb-2.9.0\db\odbtest.odb' is closed by 10216@DESKTOP-O31KUMM

------------------------------------------------------------------------------------------------------------------------

[2024-10-29 12:43:28 #1 store] 
Database 'D:\Stuff\X-tras\Programs for work\objectdb-2.9.0\objectdb-2.9.0\db\odbtest.odb' is opened by 3664@DESKTOP-O31KUMM

[2024-10-29 12:43:28 #2 store] 
Configuration path: D:\Stuff\X-tras\Programs for work\objectdb-2.9.0\objectdb-2.9.0\objectdb.conf

[2024-10-29 12:43:28 #3 type] 
Type odb_test.Student is not enhanced.

[2024-10-29 12:43:28 #4 type] 
Type odb_test.Enrollment is not enhanced.

[2024-10-29 12:43:28 #5 type] 
Type odb_test.Course is not enhanced.

[2024-10-29 12:43:28 #6 store] 
Database 'D:\Stuff\X-tras\Programs for work\objectdb-2.9.0\objectdb-2.9.0\db\odbtest.odb' is closed by 3664@DESKTOP-O31KUMM

[2024-10-29 12:43:28 #7 store] 
Database 'D:\Stuff\X-tras\Programs for work\objectdb-2.9.0\objectdb-2.9.0\db\odbtest.odb' is opened by 3664@DESKTOP-O31KUMM

[2024-10-29 12:43:28 #8 store] 
Configuration path: D:\Stuff\X-tras\Programs for work\objectdb-2.9.0\objectdb-2.9.0\objectdb.conf

[2024-10-29 12:43:28 #9 store] 
Database 'D:\Stuff\X-tras\Programs for work\objectdb-2.9.0\objectdb-2.9.0\db\odbtest.odb' is closed by 3664@DESKTOP-O31KUMM

------------------------------------------------------------------------------------------------------------------------

[2024-10-29 12:43:47 #1 store] 
Database 'D:\Stuff\X-tras\Programs for work\objectdb-2.9.0\objectdb-2.9.0\db\odbtest.odb' is opened by 5504@DESKTOP-O31KUMM

[2024-10-29 12:43:47 #2 store] 
Configuration path: D:\Stuff\X-tras\Programs for work\objectdb-2.9.0\objectdb-2.9.0\objectdb.conf

[2024-10-29 12:43:48 #3 type] 
Type odb_test.Student is not enhanced.

[2024-10-29 12:43:48 #4 type] 
Type odb_test.Enrollment is not enhanced.

[2024-10-29 12:43:48 #5 type] 
Type odb_test.Course is not enhanced.

[2024-10-29 12:43:48 #6 store] 
Database 'D:\Stuff\X-tras\Programs for work\objectdb-2.9.0\objectdb-2.9.0\db\odbtest.odb' is closed by 5504@DESKTOP-O31KUMM

[2024-10-29 12:43:48 #7 store] 
Database 'D:\Stuff\X-tras\Programs for work\objectdb-2.9.0\objectdb-2.9.0\db\odbtest.odb' is opened by 5504@DESKTOP-O31KUMM

[2024-10-29 12:43:48 #8 store] 
Configuration path: D:\Stuff\X-tras\Programs for work\objectdb-2.9.0\objectdb-2.9.0\objectdb.conf

[2024-10-29 12:43:48 #9 store] 
Database 'D:\Stuff\X-tras\Programs for work\objectdb-2.9.0\objectdb-2.9.0\db\odbtest.odb' is closed by 5504@DESKTOP-O31KUMM

------------------------------------------------------------------------------------------------------------------------

[2024-10-29 12:44:08 #1 store] 
Database 'D:\Stuff\X-tras\Programs for work\objectdb-2.9.0\objectdb-2.9.0\db\odbtest.odb' is opened by 11968@DESKTOP-O31KUMM

[2024-10-29 12:44:08 #2 store] 
Configuration path: D:\Stuff\X-tras\Programs for work\objectdb-2.9.0\objectdb-2.9.0\objectdb.conf

[2024-10-29 12:44:08 #3 type] 
Type odb_test.Student is not enhanced.

[2024-10-29 12:44:08 #4 type] 
Type odb_test.Enrollment is not enhanced.

[2024-10-29 12:44:08 #5 type] 
Type odb_test.Course is not enhanced.

[2024-10-29 12:44:08 #6 store] 
Database 'D:\Stuff\X-tras\Programs for work\objectdb-2.9.0\objectdb-2.9.0\db\odbtest.odb' is closed by 11968@DESKTOP-O31KUMM

[2024-10-29 12:44:08 #7 store] 
Database 'D:\Stuff\X-tras\Programs for work\objectdb-2.9.0\objectdb-2.9.0\db\odbtest.odb' is opened by 11968@DESKTOP-O31KUMM

[2024-10-29 12:44:08 #8 store] 
Configuration path: D:\Stuff\X-tras\Programs for work\objectdb-2.9.0\objectdb-2.9.0\objectdb.conf

[2024-10-29 12:44:08 #9 store] 
Database 'D:\Stuff\X-tras\Programs for work\objectdb-2.9.0\objectdb-2.9.0\db\odbtest.odb' is closed by 11968@DESKTOP-O31KUMM

------------------------------------------------------------------------------------------------------------------------

[2024-10-29 12:44:24 #1 store] 
Database 'D:\Stuff\X-tras\Programs for work\objectdb-2.9.0\objectdb-2.9.0\db\odbtest.odb' is opened by 20376@DESKTOP-O31KUMM

[2024-10-29 12:44:24 #2 store] 
Configuration path: D:\Stuff\X-tras\Programs for work\objectdb-2.9.0\objectdb-2.9.0\objectdb.conf

[2024-10-29 12:44:24 #3 type] 
Type odb_test.Student is not enhanced.

[2024-10-29 12:44:24 #4 type] 
Type odb_test.Enrollment is not enhanced.

[2024-10-29 12:44:24 #5 type] 
Type odb_test.Course is not enhanced.

[2024-10-29 12:44:24 #6 store] 
Database 'D:\Stuff\X-tras\Programs for work\objectdb-2.9.0\objectdb-2.9.0\db\odbtest.odb' is closed by 20376@DESKTOP-O31KUMM

------------------------------------------------------------------------------------------------------------------------

[2024-10-29 12:44:50 #1 store] 
Database 'D:\Stuff\X-tras\Programs for work\objectdb-2.9.0\objectdb-2.9.0\db\odbtest.odb' is opened by 6248@DESKTOP-O31KUMM

[2024-10-29 12:44:50 #2 store] 
Configuration path: D:\Stuff\X-tras\Programs for work\objectdb-2.9.0\objectdb-2.9.0\objectdb.conf

[2024-10-29 12:44:50 #3 type] 
Type odb_test.Student is not enhanced.

[2024-10-29 12:44:50 #4 type] 
Type odb_test.Enrollment is not enhanced.

[2024-10-29 12:44:50 #5 type] 
Type odb_test.Course is not enhanced.

[2024-10-29 12:44:50 #6 store] 
Database 'D:\Stuff\X-tras\Programs for work\objectdb-2.9.0\objectdb-2.9.0\db\odbtest.odb' is closed by 6248@DESKTOP-O31KUMM

------------------------------------------------------------------------------------------------------------------------

[2024-10-29 14:20:12 #1 store] 
Database 'D:\Stuff\X-tras\Programs for work\objectdb-2.9.0\objectdb-2.9.0\db\odbtest.odb' is opened by 4928@DESKTOP-O31KUMM

[2024-10-29 14:20:12 #2 store] 
Configuration path: D:\Stuff\X-tras\Programs for work\objectdb-2.9.0\objectdb-2.9.0\objectdb.conf

[2024-10-29 14:20:12 #3 type] 
Type odb_test.Student is not enhanced.

[2024-10-29 14:20:12 #4 type] 
Type odb_test.Enrollment is not enhanced.

[2024-10-29 14:20:12 #5 type] 
Type odb_test.Course is not enhanced.

[2024-10-29 14:20:12 #6 store] 
Database 'D:\Stuff\X-tras\Programs for work\objectdb-2.9.0\objectdb-2.9.0\db\odbtest.odb' is closed by 4928@DESKTOP-O31KUMM

------------------------------------------------------------------------------------------------------------------------

[2024-10-29 14:21:23 #1 store] 
Database 'D:\Stuff\X-tras\Programs for work\objectdb-2.9.0\objectdb-2.9.0\db\odbtest.odb' is opened by 14884@DESKTOP-O31KUMM

[2024-10-29 14:21:23 #2 store] 
Configuration path: D:\Stuff\X-tras\Programs for work\objectdb-2.9.0\objectdb-2.9.0\objectdb.conf

[2024-10-29 14:21:23 #3 type] 
Type odb_test.Student is not enhanced.

[2024-10-29 14:21:23 #4 type] 
Type odb_test.Enrollment is not enhanced.

[2024-10-29 14:21:23 #5 type] 
Type odb_test.Course is not enhanced.

[2024-10-29 14:21:23 #6 store] 
Database 'D:\Stuff\X-tras\Programs for work\objectdb-2.9.0\objectdb-2.9.0\db\odbtest.odb' is closed by 14884@DESKTOP-O31KUMM

[2024-10-29 14:21:23 #7 store] 
Database 'D:\Stuff\X-tras\Programs for work\objectdb-2.9.0\objectdb-2.9.0\db\odbtest.odb' is opened by 14884@DESKTOP-O31KUMM

[2024-10-29 14:21:23 #8 store] 
Configuration path: D:\Stuff\X-tras\Programs for work\objectdb-2.9.0\objectdb-2.9.0\objectdb.conf

[2024-10-29 14:21:23 #9 store] 
Database 'D:\Stuff\X-tras\Programs for work\objectdb-2.9.0\objectdb-2.9.0\db\odbtest.odb' is closed by 14884@DESKTOP-O31KUMM

------------------------------------------------------------------------------------------------------------------------

[2024-10-29 14:25:30 #1 store] 
Database 'D:\Stuff\X-tras\Programs for work\objectdb-2.9.0\objectdb-2.9.0\db\odbtest.odb' is opened by 21516@DESKTOP-O31KUMM

[2024-10-29 14:25:30 #2 store] 
Configuration path: D:\Stuff\X-tras\Programs for work\objectdb-2.9.0\objectdb-2.9.0\objectdb.conf

[2024-10-29 14:25:30 #3 type] 
Type odb_test.Student is not enhanced.

[2024-10-29 14:25:30 #4 type] 
Type odb_test.Enrollment is not enhanced.

[2024-10-29 14:25:30 #5 type] 
Type odb_test.Course is not enhanced.

[2024-10-29 14:25:30 #6 store] 
Database 'D:\Stuff\X-tras\Programs for work\objectdb-2.9.0\objectdb-2.9.0\db\odbtest.odb' is closed by 21516@DESKTOP-O31KUMM

[2024-10-29 14:25:30 #7 store] 
Database 'D:\Stuff\X-tras\Programs for work\objectdb-2.9.0\objectdb-2.9.0\db\odbtest.odb' is opened by 21516@DESKTOP-O31KUMM

[2024-10-29 14:25:30 #8 store] 
Configuration path: D:\Stuff\X-tras\Programs for work\objectdb-2.9.0\objectdb-2.9.0\objectdb.conf

[2024-10-29 14:25:30 #9 store] 
Database 'D:\Stuff\X-tras\Programs for work\objectdb-2.9.0\objectdb-2.9.0\db\odbtest.odb' is closed by 21516@DESKTOP-O31KUMM

[2024-10-29 14:25:30 #10 store] 
Database 'D:\Stuff\X-tras\Programs for work\objectdb-2.9.0\objectdb-2.9.0\db\odbtest.odb' is opened by 21516@DESKTOP-O31KUMM

[2024-10-29 14:25:30 #11 store] 
Configuration path: D:\Stuff\X-tras\Programs for work\objectdb-2.9.0\objectdb-2.9.0\objectdb.conf

[2024-10-29 14:25:30 #12 store] 
Database 'D:\Stuff\X-tras\Programs for work\objectdb-2.9.0\objectdb-2.9.0\db\odbtest.odb' is closed by 21516@DESKTOP-O31KUMM

------------------------------------------------------------------------------------------------------------------------

[2024-10-29 14:26:12 #1 store] 
Database 'D:\Stuff\X-tras\Programs for work\objectdb-2.9.0\objectdb-2.9.0\db\odbtest.odb' is opened by 25432@DESKTOP-O31KUMM

[2024-10-29 14:26:12 #2 store] 
Configuration path: D:\Stuff\X-tras\Programs for work\objectdb-2.9.0\objectdb-2.9.0\objectdb.conf

[2024-10-29 14:26:12 #3 type] 
Type odb_test.Student is not enhanced.

[2024-10-29 14:26:12 #4 type] 
Type odb_test.Enrollment is not enhanced.

[2024-10-29 14:26:12 #5 type] 
Type odb_test.Course is not enhanced.

[2024-10-29 14:26:12 #6 store] 
Database 'D:\Stuff\X-tras\Programs for work\objectdb-2.9.0\objectdb-2.9.0\db\odbtest.odb' is closed by 25432@DESKTOP-O31KUMM

[2024-10-29 14:26:12 #7 store] 
Database 'D:\Stuff\X-tras\Programs for work\objectdb-2.9.0\objectdb-2.9.0\db\odbtest.odb' is opened by 25432@DESKTOP-O31KUMM

[2024-10-29 14:26:12 #8 store] 
Configuration path: D:\Stuff\X-tras\Programs for work\objectdb-2.9.0\objectdb-2.9.0\objectdb.conf

[2024-10-29 14:26:12 #9 store] 
Database 'D:\Stuff\X-tras\Programs for work\objectdb-2.9.0\objectdb-2.9.0\db\odbtest.odb' is closed by 25432@DESKTOP-O31KUMM

[2024-10-29 14:26:12 #10 store] 
Database 'D:\Stuff\X-tras\Programs for work\objectdb-2.9.0\objectdb-2.9.0\db\odbtest.odb' is opened by 25432@DESKTOP-O31KUMM

[2024-10-29 14:26:12 #11 store] 
Configuration path: D:\Stuff\X-tras\Programs for work\objectdb-2.9.0\objectdb-2.9.0\objectdb.conf

[2024-10-29 14:26:12 #12 store] 
Database 'D:\Stuff\X-tras\Programs for work\objectdb-2.9.0\objectdb-2.9.0\db\odbtest.odb' is closed by 25432@DESKTOP-O31KUMM

------------------------------------------------------------------------------------------------------------------------

[2024-10-29 19:37:45 #1 store] 
Database 'D:\Stuff\X-tras\Programs for work\objectdb-2.9.0\objectdb-2.9.0\db\odbtest.odb' is opened by 18488@DESKTOP-O31KUMM

[2024-10-29 19:37:45 #2 store] 
Configuration path: D:\Stuff\X-tras\Programs for work\objectdb-2.9.0\objectdb-2.9.0\objectdb.conf

[2024-10-29 19:39:00 #3 store] 
Database 'D:\Stuff\X-tras\Programs for work\objectdb-2.9.0\objectdb-2.9.0\db\odbtest.odb' is closed by 18488@DESKTOP-O31KUMM

------------------------------------------------------------------------------------------------------------------------

[2024-10-29 20:39:57 #1 store] 
Database 'D:\Stuff\X-tras\Programs for work\objectdb-2.9.0\objectdb-2.9.0\db\odbtest.odb' is opened by 25244@DESKTOP-O31KUMM

[2024-10-29 20:39:57 #2 store] 
Configuration path: D:\Stuff\X-tras\Programs for work\objectdb-2.9.0\objectdb-2.9.0\objectdb.conf

[2024-10-29 20:39:57 #3 type] 
Type odb_test.Student is not enhanced.

[2024-10-29 20:39:57 #4 type] 
Type odb_test.Enrollment is not enhanced.

[2024-10-29 20:39:57 #5 type] 
Type odb_test.Course is not enhanced.

[2024-10-29 20:39:57 #6 store] 
Database 'D:\Stuff\X-tras\Programs for work\objectdb-2.9.0\objectdb-2.9.0\db\odbtest.odb' is closed by 25244@DESKTOP-O31KUMM

[2024-10-29 20:39:57 #7 store] 
Database 'D:\Stuff\X-tras\Programs for work\objectdb-2.9.0\objectdb-2.9.0\db\odbtest.odb' is opened by 25244@DESKTOP-O31KUMM

[2024-10-29 20:39:57 #8 store] 
Configuration path: D:\Stuff\X-tras\Programs for work\objectdb-2.9.0\objectdb-2.9.0\objectdb.conf

[2024-10-29 20:39:57 #9 store] 
Database 'D:\Stuff\X-tras\Programs for work\objectdb-2.9.0\objectdb-2.9.0\db\odbtest.odb' is closed by 25244@DESKTOP-O31KUMM

[2024-10-29 20:39:58 #10 store] 
Database 'D:\Stuff\X-tras\Programs for work\objectdb-2.9.0\objectdb-2.9.0\db\odbtest.odb' is opened by 25244@DESKTOP-O31KUMM

[2024-10-29 20:39:58 #11 store] 
Configuration path: D:\Stuff\X-tras\Programs for work\objectdb-2.9.0\objectdb-2.9.0\objectdb.conf

[2024-10-29 20:39:58 #12 store] 
Database 'D:\Stuff\X-tras\Programs for work\objectdb-2.9.0\objectdb-2.9.0\db\odbtest.odb' is closed by 25244@DESKTOP-O31KUMM

------------------------------------------------------------------------------------------------------------------------

[2024-10-29 20:43:55 #1 store] 
Database 'D:\Stuff\X-tras\Programs for work\objectdb-2.9.0\objectdb-2.9.0\db\odbtest.odb' is opened by 23924@DESKTOP-O31KUMM

[2024-10-29 20:43:55 #2 store] 
Configuration path: D:\Stuff\X-tras\Programs for work\objectdb-2.9.0\objectdb-2.9.0\objectdb.conf

[2024-10-29 20:43:56 #3 type] 
Type odb_test.Student is not enhanced.

[2024-10-29 20:43:56 #4 type] 
Type odb_test.Enrollment is not enhanced.

[2024-10-29 20:43:56 #5 type] 
Type odb_test.Course is not enhanced.

[2024-10-29 20:43:56 #6 store] 
Database 'D:\Stuff\X-tras\Programs for work\objectdb-2.9.0\objectdb-2.9.0\db\odbtest.odb' is closed by 23924@DESKTOP-O31KUMM

[2024-10-29 20:43:56 #7 store] 
Database 'D:\Stuff\X-tras\Programs for work\objectdb-2.9.0\objectdb-2.9.0\db\odbtest.odb' is opened by 23924@DESKTOP-O31KUMM

[2024-10-29 20:43:56 #8 store] 
Configuration path: D:\Stuff\X-tras\Programs for work\objectdb-2.9.0\objectdb-2.9.0\objectdb.conf

[2024-10-29 20:43:56 #9 store] 
Database 'D:\Stuff\X-tras\Programs for work\objectdb-2.9.0\objectdb-2.9.0\db\odbtest.odb' is closed by 23924@DESKTOP-O31KUMM

[2024-10-29 20:43:56 #10 store] 
Database 'D:\Stuff\X-tras\Programs for work\objectdb-2.9.0\objectdb-2.9.0\db\odbtest.odb' is opened by 23924@DESKTOP-O31KUMM

[2024-10-29 20:43:56 #11 store] 
Configuration path: D:\Stuff\X-tras\Programs for work\objectdb-2.9.0\objectdb-2.9.0\objectdb.conf

[2024-10-29 20:43:56 #12 store] 
Database 'D:\Stuff\X-tras\Programs for work\objectdb-2.9.0\objectdb-2.9.0\db\odbtest.odb' is closed by 23924@DESKTOP-O31KUMM

[2024-10-29 20:43:56 #13 store] 
Database 'D:\Stuff\X-tras\Programs for work\objectdb-2.9.0\objectdb-2.9.0\db\odbtest.odb' is opened by 23924@DESKTOP-O31KUMM

[2024-10-29 20:43:56 #14 store] 
Configuration path: D:\Stuff\X-tras\Programs for work\objectdb-2.9.0\objectdb-2.9.0\objectdb.conf

[2024-10-29 20:43:56 #15 store] 
Database 'D:\Stuff\X-tras\Programs for work\objectdb-2.9.0\objectdb-2.9.0\db\odbtest.odb' is closed by 23924@DESKTOP-O31KUMM

[2024-10-29 20:43:56 #16 store] 
Database 'D:\Stuff\X-tras\Programs for work\objectdb-2.9.0\objectdb-2.9.0\db\odbtest.odb' is opened by 23924@DESKTOP-O31KUMM

[2024-10-29 20:43:56 #17 store] 
Configuration path: D:\Stuff\X-tras\Programs for work\objectdb-2.9.0\objectdb-2.9.0\objectdb.conf

[2024-10-29 20:43:56 #18 store] 
Database 'D:\Stuff\X-tras\Programs for work\objectdb-2.9.0\objectdb-2.9.0\db\odbtest.odb' is closed by 23924@DESKTOP-O31KUMM

[2024-10-29 20:43:57 #19 store] 
Database 'D:\Stuff\X-tras\Programs for work\objectdb-2.9.0\objectdb-2.9.0\db\odbtest.odb' is opened by 23924@DESKTOP-O31KUMM

[2024-10-29 20:43:57 #20 store] 
Configuration path: D:\Stuff\X-tras\Programs for work\objectdb-2.9.0\objectdb-2.9.0\objectdb.conf

[2024-10-29 20:43:57 #21 store] 
Database 'D:\Stuff\X-tras\Programs for work\objectdb-2.9.0\objectdb-2.9.0\db\odbtest.odb' is closed by 23924@DESKTOP-O31KUMM

------------------------------------------------------------------------------------------------------------------------

[2024-10-29 20:46:38 #1 store] 
Database 'D:\Stuff\X-tras\Programs for work\objectdb-2.9.0\objectdb-2.9.0\db\odbtest.odb' is opened by 3432@DESKTOP-O31KUMM

[2024-10-29 20:46:38 #2 store] 
Configuration path: D:\Stuff\X-tras\Programs for work\objectdb-2.9.0\objectdb-2.9.0\objectdb.conf

[2024-10-29 20:46:38 #3 type] 
Type odb_test.Student is not enhanced.

[2024-10-29 20:46:38 #4 type] 
Type odb_test.Enrollment is not enhanced.

[2024-10-29 20:46:38 #5 type] 
Type odb_test.Course is not enhanced.

[2024-10-29 20:46:39 #6 store] 
Database 'D:\Stuff\X-tras\Programs for work\objectdb-2.9.0\objectdb-2.9.0\db\odbtest.odb' is closed by 3432@DESKTOP-O31KUMM

[2024-10-29 20:46:39 #7 store] 
Database 'D:\Stuff\X-tras\Programs for work\objectdb-2.9.0\objectdb-2.9.0\db\odbtest.odb' is opened by 3432@DESKTOP-O31KUMM

[2024-10-29 20:46:39 #8 store] 
Configuration path: D:\Stuff\X-tras\Programs for work\objectdb-2.9.0\objectdb-2.9.0\objectdb.conf

[2024-10-29 20:46:39 #9 store] 
Database 'D:\Stuff\X-tras\Programs for work\objectdb-2.9.0\objectdb-2.9.0\db\odbtest.odb' is closed by 3432@DESKTOP-O31KUMM

[2024-10-29 20:46:39 #10 store] 
Database 'D:\Stuff\X-tras\Programs for work\objectdb-2.9.0\objectdb-2.9.0\db\odbtest.odb' is opened by 3432@DESKTOP-O31KUMM

[2024-10-29 20:46:39 #11 store] 
Configuration path: D:\Stuff\X-tras\Programs for work\objectdb-2.9.0\objectdb-2.9.0\objectdb.conf

[2024-10-29 20:46:39 #12 store] 
Database 'D:\Stuff\X-tras\Programs for work\objectdb-2.9.0\objectdb-2.9.0\db\odbtest.odb' is closed by 3432@DESKTOP-O31KUMM

------------------------------------------------------------------------------------------------------------------------

[2024-10-29 20:48:08 #1 store] 
Database 'D:\Stuff\X-tras\Programs for work\objectdb-2.9.0\objectdb-2.9.0\db\odbtest.odb' is opened by 16192@DESKTOP-O31KUMM

[2024-10-29 20:48:08 #2 store] 
Configuration path: D:\Stuff\X-tras\Programs for work\objectdb-2.9.0\objectdb-2.9.0\objectdb.conf

[2024-10-29 20:48:08 #3 type] 
Type odb_test.Student is not enhanced.

[2024-10-29 20:48:08 #4 type] 
Type odb_test.Enrollment is not enhanced.

[2024-10-29 20:48:08 #5 type] 
Type odb_test.Course is not enhanced.

[2024-10-29 20:48:08 #6 store] 
Database 'D:\Stuff\X-tras\Programs for work\objectdb-2.9.0\objectdb-2.9.0\db\odbtest.odb' is closed by 16192@DESKTOP-O31KUMM

[2024-10-29 20:48:08 #7 store] 
Database 'D:\Stuff\X-tras\Programs for work\objectdb-2.9.0\objectdb-2.9.0\db\odbtest.odb' is opened by 16192@DESKTOP-O31KUMM

[2024-10-29 20:48:08 #8 store] 
Configuration path: D:\Stuff\X-tras\Programs for work\objectdb-2.9.0\objectdb-2.9.0\objectdb.conf

[2024-10-29 20:48:08 #9 store] 
Database 'D:\Stuff\X-tras\Programs for work\objectdb-2.9.0\objectdb-2.9.0\db\odbtest.odb' is closed by 16192@DESKTOP-O31KUMM

[2024-10-29 20:48:08 #10 store] 
Database 'D:\Stuff\X-tras\Programs for work\objectdb-2.9.0\objectdb-2.9.0\db\odbtest.odb' is opened by 16192@DESKTOP-O31KUMM

[2024-10-29 20:48:08 #11 store] 
Configuration path: D:\Stuff\X-tras\Programs for work\objectdb-2.9.0\objectdb-2.9.0\objectdb.conf

[2024-10-29 20:48:08 #12 store] 
Database 'D:\Stuff\X-tras\Programs for work\objectdb-2.9.0\objectdb-2.9.0\db\odbtest.odb' is closed by 16192@DESKTOP-O31KUMM

------------------------------------------------------------------------------------------------------------------------

[2024-10-29 20:49:44 #1 store] 
Database 'D:\Stuff\X-tras\Programs for work\objectdb-2.9.0\objectdb-2.9.0\db\odbtest.odb' is opened by 14088@DESKTOP-O31KUMM

[2024-10-29 20:49:44 #2 store] 
Configuration path: D:\Stuff\X-tras\Programs for work\objectdb-2.9.0\objectdb-2.9.0\objectdb.conf

[2024-10-29 20:49:44 #3 type] 
Type odb_test.Student is not enhanced.

[2024-10-29 20:49:44 #4 type] 
Type odb_test.Enrollment is not enhanced.

[2024-10-29 20:49:44 #5 type] 
Type odb_test.Course is not enhanced.

[2024-10-29 20:49:44 #6 store] 
Database 'D:\Stuff\X-tras\Programs for work\objectdb-2.9.0\objectdb-2.9.0\db\odbtest.odb' is closed by 14088@DESKTOP-O31KUMM

[2024-10-29 20:49:44 #7 store] 
Database 'D:\Stuff\X-tras\Programs for work\objectdb-2.9.0\objectdb-2.9.0\db\odbtest.odb' is opened by 14088@DESKTOP-O31KUMM

[2024-10-29 20:49:44 #8 store] 
Configuration path: D:\Stuff\X-tras\Programs for work\objectdb-2.9.0\objectdb-2.9.0\objectdb.conf

[2024-10-29 20:49:44 #9 store] 
Database 'D:\Stuff\X-tras\Programs for work\objectdb-2.9.0\objectdb-2.9.0\db\odbtest.odb' is closed by 14088@DESKTOP-O31KUMM

[2024-10-29 20:49:44 #10 store] 
Database 'D:\Stuff\X-tras\Programs for work\objectdb-2.9.0\objectdb-2.9.0\db\odbtest.odb' is opened by 14088@DESKTOP-O31KUMM

[2024-10-29 20:49:44 #11 store] 
Configuration path: D:\Stuff\X-tras\Programs for work\objectdb-2.9.0\objectdb-2.9.0\objectdb.conf

[2024-10-29 20:49:44 #12 store] 
Database 'D:\Stuff\X-tras\Programs for work\objectdb-2.9.0\objectdb-2.9.0\db\odbtest.odb' is closed by 14088@DESKTOP-O31KUMM

------------------------------------------------------------------------------------------------------------------------

[2024-10-29 20:50:42 #1 store] 
Database 'D:\Stuff\X-tras\Programs for work\objectdb-2.9.0\objectdb-2.9.0\db\odbtest.odb' is opened by 9196@DESKTOP-O31KUMM

[2024-10-29 20:50:42 #2 store] 
Configuration path: D:\Stuff\X-tras\Programs for work\objectdb-2.9.0\objectdb-2.9.0\objectdb.conf

[2024-10-29 20:50:42 #3 type] 
Type odb_test.Student is not enhanced.

[2024-10-29 20:50:42 #4 type] 
Type odb_test.Enrollment is not enhanced.

[2024-10-29 20:50:42 #5 type] 
Type odb_test.Course is not enhanced.

[2024-10-29 20:50:42 #6 store] 
Database 'D:\Stuff\X-tras\Programs for work\objectdb-2.9.0\objectdb-2.9.0\db\odbtest.odb' is closed by 9196@DESKTOP-O31KUMM

[2024-10-29 20:50:42 #7 store] 
Database 'D:\Stuff\X-tras\Programs for work\objectdb-2.9.0\objectdb-2.9.0\db\odbtest.odb' is opened by 9196@DESKTOP-O31KUMM

[2024-10-29 20:50:42 #8 store] 
Configuration path: D:\Stuff\X-tras\Programs for work\objectdb-2.9.0\objectdb-2.9.0\objectdb.conf

[2024-10-29 20:50:42 #9 store] 
Database 'D:\Stuff\X-tras\Programs for work\objectdb-2.9.0\objectdb-2.9.0\db\odbtest.odb' is closed by 9196@DESKTOP-O31KUMM

[2024-10-29 20:50:43 #10 store] 
Database 'D:\Stuff\X-tras\Programs for work\objectdb-2.9.0\objectdb-2.9.0\db\odbtest.odb' is opened by 9196@DESKTOP-O31KUMM

[2024-10-29 20:50:43 #11 store] 
Configuration path: D:\Stuff\X-tras\Programs for work\objectdb-2.9.0\objectdb-2.9.0\objectdb.conf

[2024-10-29 20:50:43 #12 store] 
Database 'D:\Stuff\X-tras\Programs for work\objectdb-2.9.0\objectdb-2.9.0\db\odbtest.odb' is closed by 9196@DESKTOP-O31KUMM

------------------------------------------------------------------------------------------------------------------------

[2024-10-29 20:52:22 #1 store] 
Database 'D:\Stuff\X-tras\Programs for work\objectdb-2.9.0\objectdb-2.9.0\db\odbtest.odb' is opened by 10396@DESKTOP-O31KUMM

[2024-10-29 20:52:22 #2 store] 
Configuration path: D:\Stuff\X-tras\Programs for work\objectdb-2.9.0\objectdb-2.9.0\objectdb.conf

[2024-10-29 20:52:22 #3 type] 
Type odb_test.Student is not enhanced.

[2024-10-29 20:52:22 #4 type] 
Type odb_test.Enrollment is not enhanced.

[2024-10-29 20:52:22 #5 type] 
Type odb_test.Course is not enhanced.

[2024-10-29 20:52:22 #6 store] 
Database 'D:\Stuff\X-tras\Programs for work\objectdb-2.9.0\objectdb-2.9.0\db\odbtest.odb' is closed by 10396@DESKTOP-O31KUMM

[2024-10-29 20:52:23 #7 store] 
Database 'D:\Stuff\X-tras\Programs for work\objectdb-2.9.0\objectdb-2.9.0\db\odbtest.odb' is opened by 10396@DESKTOP-O31KUMM

[2024-10-29 20:52:23 #8 store] 
Configuration path: D:\Stuff\X-tras\Programs for work\objectdb-2.9.0\objectdb-2.9.0\objectdb.conf

[2024-10-29 20:52:23 #9 store] 
Database 'D:\Stuff\X-tras\Programs for work\objectdb-2.9.0\objectdb-2.9.0\db\odbtest.odb' is closed by 10396@DESKTOP-O31KUMM

[2024-10-29 20:52:23 #10 store] 
Database 'D:\Stuff\X-tras\Programs for work\objectdb-2.9.0\objectdb-2.9.0\db\odbtest.odb' is opened by 10396@DESKTOP-O31KUMM

[2024-10-29 20:52:23 #11 store] 
Configuration path: D:\Stuff\X-tras\Programs for work\objectdb-2.9.0\objectdb-2.9.0\objectdb.conf

[2024-10-29 20:52:23 #12 store] 
Database 'D:\Stuff\X-tras\Programs for work\objectdb-2.9.0\objectdb-2.9.0\db\odbtest.odb' is closed by 10396@DESKTOP-O31KUMM

------------------------------------------------------------------------------------------------------------------------

[2024-10-29 20:54:00 #1 store] 
Database 'D:\Stuff\X-tras\Programs for work\objectdb-2.9.0\objectdb-2.9.0\db\odbtest.odb' is opened by 15052@DESKTOP-O31KUMM

[2024-10-29 20:54:00 #2 store] 
Configuration path: D:\Stuff\X-tras\Programs for work\objectdb-2.9.0\objectdb-2.9.0\objectdb.conf

[2024-10-29 20:54:01 #3 type] 
Type odb_test.Student is not enhanced.

[2024-10-29 20:54:01 #4 type] 
Type odb_test.Enrollment is not enhanced.

[2024-10-29 20:54:01 #5 type] 
Type odb_test.Course is not enhanced.

[2024-10-29 20:54:01 #6 store] 
Database 'D:\Stuff\X-tras\Programs for work\objectdb-2.9.0\objectdb-2.9.0\db\odbtest.odb' is closed by 15052@DESKTOP-O31KUMM

[2024-10-29 20:54:01 #7 store] 
Database 'D:\Stuff\X-tras\Programs for work\objectdb-2.9.0\objectdb-2.9.0\db\odbtest.odb' is opened by 15052@DESKTOP-O31KUMM

[2024-10-29 20:54:01 #8 store] 
Configuration path: D:\Stuff\X-tras\Programs for work\objectdb-2.9.0\objectdb-2.9.0\objectdb.conf

[2024-10-29 20:54:01 #9 store] 
Database 'D:\Stuff\X-tras\Programs for work\objectdb-2.9.0\objectdb-2.9.0\db\odbtest.odb' is closed by 15052@DESKTOP-O31KUMM

[2024-10-29 20:54:01 #10 store] 
Database 'D:\Stuff\X-tras\Programs for work\objectdb-2.9.0\objectdb-2.9.0\db\odbtest.odb' is opened by 15052@DESKTOP-O31KUMM

[2024-10-29 20:54:01 #11 store] 
Configuration path: D:\Stuff\X-tras\Programs for work\objectdb-2.9.0\objectdb-2.9.0\objectdb.conf

[2024-10-29 20:54:01 #12 store] 
Database 'D:\Stuff\X-tras\Programs for work\objectdb-2.9.0\objectdb-2.9.0\db\odbtest.odb' is closed by 15052@DESKTOP-O31KUMM

------------------------------------------------------------------------------------------------------------------------

[2024-10-29 20:54:38 #1 store] 
Database 'D:\Stuff\X-tras\Programs for work\objectdb-2.9.0\objectdb-2.9.0\db\odbtest.odb' is opened by 22192@DESKTOP-O31KUMM

[2024-10-29 20:54:38 #2 store] 
Configuration path: D:\Stuff\X-tras\Programs for work\objectdb-2.9.0\objectdb-2.9.0\objectdb.conf

[2024-10-29 20:54:38 #3 type] 
Type odb_test.Student is not enhanced.

[2024-10-29 20:54:38 #4 type] 
Type odb_test.Enrollment is not enhanced.

[2024-10-29 20:54:38 #5 type] 
Type odb_test.Course is not enhanced.

[2024-10-29 20:54:38 #6 store] 
Database 'D:\Stuff\X-tras\Programs for work\objectdb-2.9.0\objectdb-2.9.0\db\odbtest.odb' is closed by 22192@DESKTOP-O31KUMM

[2024-10-29 20:54:38 #7 store] 
Database 'D:\Stuff\X-tras\Programs for work\objectdb-2.9.0\objectdb-2.9.0\db\odbtest.odb' is opened by 22192@DESKTOP-O31KUMM

[2024-10-29 20:54:38 #8 store] 
Configuration path: D:\Stuff\X-tras\Programs for work\objectdb-2.9.0\objectdb-2.9.0\objectdb.conf

[2024-10-29 20:54:38 #9 store] 
Database 'D:\Stuff\X-tras\Programs for work\objectdb-2.9.0\objectdb-2.9.0\db\odbtest.odb' is closed by 22192@DESKTOP-O31KUMM

[2024-10-29 20:54:38 #10 store] 
Database 'D:\Stuff\X-tras\Programs for work\objectdb-2.9.0\objectdb-2.9.0\db\odbtest.odb' is opened by 22192@DESKTOP-O31KUMM

[2024-10-29 20:54:38 #11 store] 
Configuration path: D:\Stuff\X-tras\Programs for work\objectdb-2.9.0\objectdb-2.9.0\objectdb.conf

[2024-10-29 20:54:38 #12 store] 
Database 'D:\Stuff\X-tras\Programs for work\objectdb-2.9.0\objectdb-2.9.0\db\odbtest.odb' is closed by 22192@DESKTOP-O31KUMM

------------------------------------------------------------------------------------------------------------------------

[2024-10-29 20:55:59 #1 store] 
Database 'D:\Stuff\X-tras\Programs for work\objectdb-2.9.0\objectdb-2.9.0\db\odbtest.odb' is opened by 24164@DESKTOP-O31KUMM

[2024-10-29 20:55:59 #2 store] 
Configuration path: D:\Stuff\X-tras\Programs for work\objectdb-2.9.0\objectdb-2.9.0\objectdb.conf

[2024-10-29 20:55:59 #3 type] 
Type odb_test.Student is not enhanced.

[2024-10-29 20:55:59 #4 type] 
Type odb_test.Enrollment is not enhanced.

[2024-10-29 20:55:59 #5 type] 
Type odb_test.Course is not enhanced.

[2024-10-29 20:55:59 #6 store] 
Database 'D:\Stuff\X-tras\Programs for work\objectdb-2.9.0\objectdb-2.9.0\db\odbtest.odb' is closed by 24164@DESKTOP-O31KUMM

[2024-10-29 20:55:59 #7 store] 
Database 'D:\Stuff\X-tras\Programs for work\objectdb-2.9.0\objectdb-2.9.0\db\odbtest.odb' is opened by 24164@DESKTOP-O31KUMM

[2024-10-29 20:55:59 #8 store] 
Configuration path: D:\Stuff\X-tras\Programs for work\objectdb-2.9.0\objectdb-2.9.0\objectdb.conf

[2024-10-29 20:55:59 #9 store] 
Database 'D:\Stuff\X-tras\Programs for work\objectdb-2.9.0\objectdb-2.9.0\db\odbtest.odb' is closed by 24164@DESKTOP-O31KUMM

[2024-10-29 20:55:59 #10 store] 
Database 'D:\Stuff\X-tras\Programs for work\objectdb-2.9.0\objectdb-2.9.0\db\odbtest.odb' is opened by 24164@DESKTOP-O31KUMM

[2024-10-29 20:55:59 #11 store] 
Configuration path: D:\Stuff\X-tras\Programs for work\objectdb-2.9.0\objectdb-2.9.0\objectdb.conf

[2024-10-29 20:55:59 #12 store] 
Database 'D:\Stuff\X-tras\Programs for work\objectdb-2.9.0\objectdb-2.9.0\db\odbtest.odb' is closed by 24164@DESKTOP-O31KUMM

------------------------------------------------------------------------------------------------------------------------

[2024-10-29 20:58:08 #1 store] 
Database 'D:\Stuff\X-tras\Programs for work\objectdb-2.9.0\objectdb-2.9.0\db\odbtest.odb' is opened by 21240@DESKTOP-O31KUMM

[2024-10-29 20:58:08 #2 store] 
Configuration path: D:\Stuff\X-tras\Programs for work\objectdb-2.9.0\objectdb-2.9.0\objectdb.conf

[2024-10-29 20:58:08 #3 type] 
Type odb_test.Student is not enhanced.

[2024-10-29 20:58:08 #4 type] 
Type odb_test.Enrollment is not enhanced.

[2024-10-29 20:58:08 #5 type] 
Type odb_test.Course is not enhanced.

[2024-10-29 20:58:08 #6 store] 
Database 'D:\Stuff\X-tras\Programs for work\objectdb-2.9.0\objectdb-2.9.0\db\odbtest.odb' is closed by 21240@DESKTOP-O31KUMM

[2024-10-29 20:58:08 #7 store] 
Database 'D:\Stuff\X-tras\Programs for work\objectdb-2.9.0\objectdb-2.9.0\db\odbtest.odb' is opened by 21240@DESKTOP-O31KUMM

[2024-10-29 20:58:08 #8 store] 
Configuration path: D:\Stuff\X-tras\Programs for work\objectdb-2.9.0\objectdb-2.9.0\objectdb.conf

[2024-10-29 20:58:08 #9 store] 
Database 'D:\Stuff\X-tras\Programs for work\objectdb-2.9.0\objectdb-2.9.0\db\odbtest.odb' is closed by 21240@DESKTOP-O31KUMM

[2024-10-29 20:58:08 #10 store] 
Database 'D:\Stuff\X-tras\Programs for work\objectdb-2.9.0\objectdb-2.9.0\db\odbtest.odb' is opened by 21240@DESKTOP-O31KUMM

[2024-10-29 20:58:08 #11 store] 
Configuration path: D:\Stuff\X-tras\Programs for work\objectdb-2.9.0\objectdb-2.9.0\objectdb.conf

[2024-10-29 20:58:08 #12 store] 
Database 'D:\Stuff\X-tras\Programs for work\objectdb-2.9.0\objectdb-2.9.0\db\odbtest.odb' is closed by 21240@DESKTOP-O31KUMM

------------------------------------------------------------------------------------------------------------------------

[2024-10-29 20:58:50 #1 store] 
Database 'D:\Stuff\X-tras\Programs for work\objectdb-2.9.0\objectdb-2.9.0\db\odbtest.odb' is opened by 11448@DESKTOP-O31KUMM

[2024-10-29 20:58:50 #2 store] 
Configuration path: D:\Stuff\X-tras\Programs for work\objectdb-2.9.0\objectdb-2.9.0\objectdb.conf

[2024-10-29 20:58:50 #3 type] 
Type odb_test.Student is not enhanced.

[2024-10-29 20:58:50 #4 type] 
Type odb_test.Enrollment is not enhanced.

[2024-10-29 20:58:50 #5 type] 
Type odb_test.Course is not enhanced.

[2024-10-29 20:58:50 #6 store] 
Database 'D:\Stuff\X-tras\Programs for work\objectdb-2.9.0\objectdb-2.9.0\db\odbtest.odb' is closed by 11448@DESKTOP-O31KUMM

[2024-10-29 20:58:50 #7 store] 
Database 'D:\Stuff\X-tras\Programs for work\objectdb-2.9.0\objectdb-2.9.0\db\odbtest.odb' is opened by 11448@DESKTOP-O31KUMM

[2024-10-29 20:58:50 #8 store] 
Configuration path: D:\Stuff\X-tras\Programs for work\objectdb-2.9.0\objectdb-2.9.0\objectdb.conf

[2024-10-29 20:58:50 #9 store] 
Database 'D:\Stuff\X-tras\Programs for work\objectdb-2.9.0\objectdb-2.9.0\db\odbtest.odb' is closed by 11448@DESKTOP-O31KUMM

[2024-10-29 20:58:51 #10 store] 
Database 'D:\Stuff\X-tras\Programs for work\objectdb-2.9.0\objectdb-2.9.0\db\odbtest.odb' is opened by 11448@DESKTOP-O31KUMM

[2024-10-29 20:58:51 #11 store] 
Configuration path: D:\Stuff\X-tras\Programs for work\objectdb-2.9.0\objectdb-2.9.0\objectdb.conf

[2024-10-29 20:58:51 #12 store] 
Database 'D:\Stuff\X-tras\Programs for work\objectdb-2.9.0\objectdb-2.9.0\db\odbtest.odb' is closed by 11448@DESKTOP-O31KUMM

------------------------------------------------------------------------------------------------------------------------

[2024-10-29 20:59:33 #1 store] 
Database 'D:\Stuff\X-tras\Programs for work\objectdb-2.9.0\objectdb-2.9.0\db\odbtest.odb' is opened by 18756@DESKTOP-O31KUMM

[2024-10-29 20:59:33 #2 store] 
Configuration path: D:\Stuff\X-tras\Programs for work\objectdb-2.9.0\objectdb-2.9.0\objectdb.conf

[2024-10-29 20:59:34 #3 type] 
Type odb_test.Student is not enhanced.

[2024-10-29 20:59:34 #4 type] 
Type odb_test.Enrollment is not enhanced.

[2024-10-29 20:59:34 #5 type] 
Type odb_test.Course is not enhanced.

[2024-10-29 20:59:34 #6 store] 
Database 'D:\Stuff\X-tras\Programs for work\objectdb-2.9.0\objectdb-2.9.0\db\odbtest.odb' is closed by 18756@DESKTOP-O31KUMM

[2024-10-29 20:59:34 #7 store] 
Database 'D:\Stuff\X-tras\Programs for work\objectdb-2.9.0\objectdb-2.9.0\db\odbtest.odb' is opened by 18756@DESKTOP-O31KUMM

[2024-10-29 20:59:34 #8 store] 
Configuration path: D:\Stuff\X-tras\Programs for work\objectdb-2.9.0\objectdb-2.9.0\objectdb.conf

[2024-10-29 20:59:34 #9 store] 
Database 'D:\Stuff\X-tras\Programs for work\objectdb-2.9.0\objectdb-2.9.0\db\odbtest.odb' is closed by 18756@DESKTOP-O31KUMM

[2024-10-29 20:59:34 #10 store] 
Database 'D:\Stuff\X-tras\Programs for work\objectdb-2.9.0\objectdb-2.9.0\db\odbtest.odb' is opened by 18756@DESKTOP-O31KUMM

[2024-10-29 20:59:34 #11 store] 
Configuration path: D:\Stuff\X-tras\Programs for work\objectdb-2.9.0\objectdb-2.9.0\objectdb.conf

[2024-10-29 20:59:34 #12 store] 
Database 'D:\Stuff\X-tras\Programs for work\objectdb-2.9.0\objectdb-2.9.0\db\odbtest.odb' is closed by 18756@DESKTOP-O31KUMM

------------------------------------------------------------------------------------------------------------------------

[2024-10-29 21:04:50 #1 store] 
Database 'D:\Stuff\X-tras\Programs for work\objectdb-2.9.0\objectdb-2.9.0\db\odbtest.odb' is opened by 23652@DESKTOP-O31KUMM

[2024-10-29 21:04:50 #2 store] 
Configuration path: D:\Stuff\X-tras\Programs for work\objectdb-2.9.0\objectdb-2.9.0\objectdb.conf

[2024-10-29 21:04:50 #3 type] 
Type odb_test.Student is not enhanced.

[2024-10-29 21:04:50 #4 type] 
Type odb_test.Enrollment is not enhanced.

[2024-10-29 21:04:50 #5 type] 
Type odb_test.Course is not enhanced.

[2024-10-29 21:04:50 #6 store] 
Database 'D:\Stuff\X-tras\Programs for work\objectdb-2.9.0\objectdb-2.9.0\db\odbtest.odb' is closed by 23652@DESKTOP-O31KUMM

[2024-10-29 21:04:50 #7 store] 
Database 'D:\Stuff\X-tras\Programs for work\objectdb-2.9.0\objectdb-2.9.0\db\odbtest.odb' is opened by 23652@DESKTOP-O31KUMM

[2024-10-29 21:04:50 #8 store] 
Configuration path: D:\Stuff\X-tras\Programs for work\objectdb-2.9.0\objectdb-2.9.0\objectdb.conf

[2024-10-29 21:04:50 #9 store] 
Database 'D:\Stuff\X-tras\Programs for work\objectdb-2.9.0\objectdb-2.9.0\db\odbtest.odb' is closed by 23652@DESKTOP-O31KUMM

[2024-10-29 21:04:50 #10 store] 
Database 'D:\Stuff\X-tras\Programs for work\objectdb-2.9.0\objectdb-2.9.0\db\odbtest.odb' is opened by 23652@DESKTOP-O31KUMM

[2024-10-29 21:04:50 #11 store] 
Configuration path: D:\Stuff\X-tras\Programs for work\objectdb-2.9.0\objectdb-2.9.0\objectdb.conf

[2024-10-29 21:04:50 #12 store] 
Database 'D:\Stuff\X-tras\Programs for work\objectdb-2.9.0\objectdb-2.9.0\db\odbtest.odb' is closed by 23652@DESKTOP-O31KUMM

------------------------------------------------------------------------------------------------------------------------

[2024-10-29 21:05:32 #1 store] 
Database 'D:\Stuff\X-tras\Programs for work\objectdb-2.9.0\objectdb-2.9.0\db\odbtest.odb' is opened by 14424@DESKTOP-O31KUMM

[2024-10-29 21:05:32 #2 store] 
Configuration path: D:\Stuff\X-tras\Programs for work\objectdb-2.9.0\objectdb-2.9.0\objectdb.conf

[2024-10-29 21:05:32 #3 type] 
Type odb_test.Student is not enhanced.

[2024-10-29 21:05:32 #4 type] 
Type odb_test.Enrollment is not enhanced.

[2024-10-29 21:05:32 #5 type] 
Type odb_test.Course is not enhanced.

[2024-10-29 21:05:32 #6 store] 
Database 'D:\Stuff\X-tras\Programs for work\objectdb-2.9.0\objectdb-2.9.0\db\odbtest.odb' is closed by 14424@DESKTOP-O31KUMM

[2024-10-29 21:05:32 #7 store] 
Database 'D:\Stuff\X-tras\Programs for work\objectdb-2.9.0\objectdb-2.9.0\db\odbtest.odb' is opened by 14424@DESKTOP-O31KUMM

[2024-10-29 21:05:32 #8 store] 
Configuration path: D:\Stuff\X-tras\Programs for work\objectdb-2.9.0\objectdb-2.9.0\objectdb.conf

[2024-10-29 21:05:32 #9 store] 
Database 'D:\Stuff\X-tras\Programs for work\objectdb-2.9.0\objectdb-2.9.0\db\odbtest.odb' is closed by 14424@DESKTOP-O31KUMM

[2024-10-29 21:05:32 #10 store] 
Database 'D:\Stuff\X-tras\Programs for work\objectdb-2.9.0\objectdb-2.9.0\db\odbtest.odb' is opened by 14424@DESKTOP-O31KUMM

[2024-10-29 21:05:32 #11 store] 
Configuration path: D:\Stuff\X-tras\Programs for work\objectdb-2.9.0\objectdb-2.9.0\objectdb.conf

[2024-10-29 21:05:32 #12 store] 
Database 'D:\Stuff\X-tras\Programs for work\objectdb-2.9.0\objectdb-2.9.0\db\odbtest.odb' is closed by 14424@DESKTOP-O31KUMM

------------------------------------------------------------------------------------------------------------------------

[2024-10-29 21:08:10 #1 store] 
Database 'D:\Stuff\X-tras\Programs for work\objectdb-2.9.0\objectdb-2.9.0\db\odbtest.odb' is opened by 19808@DESKTOP-O31KUMM

[2024-10-29 21:08:10 #2 store] 
Configuration path: D:\Stuff\X-tras\Programs for work\objectdb-2.9.0\objectdb-2.9.0\objectdb.conf

[2024-10-29 21:08:10 #3 type] 
Type odb_test.Student is not enhanced.

[2024-10-29 21:08:10 #4 type] 
Type odb_test.Enrollment is not enhanced.

[2024-10-29 21:08:10 #5 type] 
Type odb_test.Course is not enhanced.

[2024-10-29 21:08:10 #6 store] 
Database 'D:\Stuff\X-tras\Programs for work\objectdb-2.9.0\objectdb-2.9.0\db\odbtest.odb' is closed by 19808@DESKTOP-O31KUMM

[2024-10-29 21:08:10 #7 store] 
Database 'D:\Stuff\X-tras\Programs for work\objectdb-2.9.0\objectdb-2.9.0\db\odbtest.odb' is opened by 19808@DESKTOP-O31KUMM

[2024-10-29 21:08:10 #8 store] 
Configuration path: D:\Stuff\X-tras\Programs for work\objectdb-2.9.0\objectdb-2.9.0\objectdb.conf

[2024-10-29 21:08:10 #9 store] 
Database 'D:\Stuff\X-tras\Programs for work\objectdb-2.9.0\objectdb-2.9.0\db\odbtest.odb' is closed by 19808@DESKTOP-O31KUMM

[2024-10-29 21:08:11 #10 store] 
Database 'D:\Stuff\X-tras\Programs for work\objectdb-2.9.0\objectdb-2.9.0\db\odbtest.odb' is opened by 19808@DESKTOP-O31KUMM

[2024-10-29 21:08:11 #11 store] 
Configuration path: D:\Stuff\X-tras\Programs for work\objectdb-2.9.0\objectdb-2.9.0\objectdb.conf

[2024-10-29 21:08:11 #12 store] 
Database 'D:\Stuff\X-tras\Programs for work\objectdb-2.9.0\objectdb-2.9.0\db\odbtest.odb' is closed by 19808@DESKTOP-O31KUMM

------------------------------------------------------------------------------------------------------------------------

[2024-10-29 21:10:41 #1 store] 
Database 'D:\Stuff\X-tras\Programs for work\objectdb-2.9.0\objectdb-2.9.0\db\odbtest.odb' is opened by 11640@DESKTOP-O31KUMM

[2024-10-29 21:10:41 #2 store] 
Configuration path: D:\Stuff\X-tras\Programs for work\objectdb-2.9.0\objectdb-2.9.0\objectdb.conf

[2024-10-29 21:10:41 #3 type] 
Type odb_test.Student is not enhanced.

[2024-10-29 21:10:41 #4 type] 
Type odb_test.Enrollment is not enhanced.

[2024-10-29 21:10:41 #5 type] 
Type odb_test.Course is not enhanced.

[2024-10-29 21:10:41 #6 store] 
Database 'D:\Stuff\X-tras\Programs for work\objectdb-2.9.0\objectdb-2.9.0\db\odbtest.odb' is closed by 11640@DESKTOP-O31KUMM

[2024-10-29 21:10:42 #7 store] 
Database 'D:\Stuff\X-tras\Programs for work\objectdb-2.9.0\objectdb-2.9.0\db\odbtest.odb' is opened by 11640@DESKTOP-O31KUMM

[2024-10-29 21:10:42 #8 store] 
Configuration path: D:\Stuff\X-tras\Programs for work\objectdb-2.9.0\objectdb-2.9.0\objectdb.conf

[2024-10-29 21:10:42 #9 store] 
Database 'D:\Stuff\X-tras\Programs for work\objectdb-2.9.0\objectdb-2.9.0\db\odbtest.odb' is closed by 11640@DESKTOP-O31KUMM

[2024-10-29 21:10:42 #10 store] 
Database 'D:\Stuff\X-tras\Programs for work\objectdb-2.9.0\objectdb-2.9.0\db\odbtest.odb' is opened by 11640@DESKTOP-O31KUMM

[2024-10-29 21:10:42 #11 store] 
Configuration path: D:\Stuff\X-tras\Programs for work\objectdb-2.9.0\objectdb-2.9.0\objectdb.conf

[2024-10-29 21:10:42 #12 store] 
Database 'D:\Stuff\X-tras\Programs for work\objectdb-2.9.0\objectdb-2.9.0\db\odbtest.odb' is closed by 11640@DESKTOP-O31KUMM

------------------------------------------------------------------------------------------------------------------------

[2024-10-29 21:11:09 #1 store] 
Database 'D:\Stuff\X-tras\Programs for work\objectdb-2.9.0\objectdb-2.9.0\db\odbtest.odb' is opened by 6400@DESKTOP-O31KUMM

[2024-10-29 21:11:09 #2 store] 
Configuration path: D:\Stuff\X-tras\Programs for work\objectdb-2.9.0\objectdb-2.9.0\objectdb.conf

[2024-10-29 21:11:09 #3 type] 
Type odb_test.Student is not enhanced.

[2024-10-29 21:11:09 #4 type] 
Type odb_test.Enrollment is not enhanced.

[2024-10-29 21:11:09 #5 type] 
Type odb_test.Course is not enhanced.

[2024-10-29 21:11:09 #6 store] 
Database 'D:\Stuff\X-tras\Programs for work\objectdb-2.9.0\objectdb-2.9.0\db\odbtest.odb' is closed by 6400@DESKTOP-O31KUMM

[2024-10-29 21:11:10 #7 store] 
Database 'D:\Stuff\X-tras\Programs for work\objectdb-2.9.0\objectdb-2.9.0\db\odbtest.odb' is opened by 6400@DESKTOP-O31KUMM

[2024-10-29 21:11:10 #8 store] 
Configuration path: D:\Stuff\X-tras\Programs for work\objectdb-2.9.0\objectdb-2.9.0\objectdb.conf

[2024-10-29 21:11:10 #9 store] 
Database 'D:\Stuff\X-tras\Programs for work\objectdb-2.9.0\objectdb-2.9.0\db\odbtest.odb' is closed by 6400@DESKTOP-O31KUMM

[2024-10-29 21:11:10 #10 store] 
Database 'D:\Stuff\X-tras\Programs for work\objectdb-2.9.0\objectdb-2.9.0\db\odbtest.odb' is opened by 6400@DESKTOP-O31KUMM

[2024-10-29 21:11:10 #11 store] 
Configuration path: D:\Stuff\X-tras\Programs for work\objectdb-2.9.0\objectdb-2.9.0\objectdb.conf

[2024-10-29 21:11:10 #12 store] 
Database 'D:\Stuff\X-tras\Programs for work\objectdb-2.9.0\objectdb-2.9.0\db\odbtest.odb' is closed by 6400@DESKTOP-O31KUMM

------------------------------------------------------------------------------------------------------------------------

[2024-10-29 21:13:52 #1 store] 
Database 'D:\Stuff\X-tras\Programs for work\objectdb-2.9.0\objectdb-2.9.0\db\odbtest.odb' is opened by 10176@DESKTOP-O31KUMM

[2024-10-29 21:13:52 #2 store] 
Configuration path: D:\Stuff\X-tras\Programs for work\objectdb-2.9.0\objectdb-2.9.0\objectdb.conf

[2024-10-29 21:13:52 #3 type] 
Type odb_test.Student is not enhanced.

[2024-10-29 21:13:52 #4 type] 
Type odb_test.Enrollment is not enhanced.

[2024-10-29 21:13:52 #5 type] 
Type odb_test.Course is not enhanced.

[2024-10-29 21:13:52 #6 store] 
Database 'D:\Stuff\X-tras\Programs for work\objectdb-2.9.0\objectdb-2.9.0\db\odbtest.odb' is closed by 10176@DESKTOP-O31KUMM

[2024-10-29 21:13:53 #7 store] 
Database 'D:\Stuff\X-tras\Programs for work\objectdb-2.9.0\objectdb-2.9.0\db\odbtest.odb' is opened by 10176@DESKTOP-O31KUMM

[2024-10-29 21:13:53 #8 store] 
Configuration path: D:\Stuff\X-tras\Programs for work\objectdb-2.9.0\objectdb-2.9.0\objectdb.conf

[2024-10-29 21:13:53 #9 store] 
Database 'D:\Stuff\X-tras\Programs for work\objectdb-2.9.0\objectdb-2.9.0\db\odbtest.odb' is closed by 10176@DESKTOP-O31KUMM

[2024-10-29 21:13:53 #10 store] 
Database 'D:\Stuff\X-tras\Programs for work\objectdb-2.9.0\objectdb-2.9.0\db\odbtest.odb' is opened by 10176@DESKTOP-O31KUMM

[2024-10-29 21:13:53 #11 store] 
Configuration path: D:\Stuff\X-tras\Programs for work\objectdb-2.9.0\objectdb-2.9.0\objectdb.conf

[2024-10-29 21:13:53 #12 store] 
Database 'D:\Stuff\X-tras\Programs for work\objectdb-2.9.0\objectdb-2.9.0\db\odbtest.odb' is closed by 10176@DESKTOP-O31KUMM

------------------------------------------------------------------------------------------------------------------------

[2024-10-29 21:14:46 #1 store] 
Database 'D:\Stuff\X-tras\Programs for work\objectdb-2.9.0\objectdb-2.9.0\db\odbtest.odb' is opened by 12336@DESKTOP-O31KUMM

[2024-10-29 21:14:46 #2 store] 
Configuration path: D:\Stuff\X-tras\Programs for work\objectdb-2.9.0\objectdb-2.9.0\objectdb.conf

[2024-10-29 21:14:46 #3 type] 
Type odb_test.Student is not enhanced.

[2024-10-29 21:14:46 #4 type] 
Type odb_test.Enrollment is not enhanced.

[2024-10-29 21:14:46 #5 type] 
Type odb_test.Course is not enhanced.

[2024-10-29 21:14:46 #6 store] 
Database 'D:\Stuff\X-tras\Programs for work\objectdb-2.9.0\objectdb-2.9.0\db\odbtest.odb' is closed by 12336@DESKTOP-O31KUMM

[2024-10-29 21:14:46 #7 store] 
Database 'D:\Stuff\X-tras\Programs for work\objectdb-2.9.0\objectdb-2.9.0\db\odbtest.odb' is opened by 12336@DESKTOP-O31KUMM

[2024-10-29 21:14:46 #8 store] 
Configuration path: D:\Stuff\X-tras\Programs for work\objectdb-2.9.0\objectdb-2.9.0\objectdb.conf

[2024-10-29 21:14:46 #9 store] 
Database 'D:\Stuff\X-tras\Programs for work\objectdb-2.9.0\objectdb-2.9.0\db\odbtest.odb' is closed by 12336@DESKTOP-O31KUMM

[2024-10-29 21:14:47 #10 store] 
Database 'D:\Stuff\X-tras\Programs for work\objectdb-2.9.0\objectdb-2.9.0\db\odbtest.odb' is opened by 12336@DESKTOP-O31KUMM

[2024-10-29 21:14:47 #11 store] 
Configuration path: D:\Stuff\X-tras\Programs for work\objectdb-2.9.0\objectdb-2.9.0\objectdb.conf

[2024-10-29 21:14:47 #12 store] 
Database 'D:\Stuff\X-tras\Programs for work\objectdb-2.9.0\objectdb-2.9.0\db\odbtest.odb' is closed by 12336@DESKTOP-O31KUMM

------------------------------------------------------------------------------------------------------------------------

[2024-10-29 21:15:42 #1 store] 
Database 'D:\Stuff\X-tras\Programs for work\objectdb-2.9.0\objectdb-2.9.0\db\odbtest.odb' is opened by 18840@DESKTOP-O31KUMM

[2024-10-29 21:15:42 #2 store] 
Configuration path: D:\Stuff\X-tras\Programs for work\objectdb-2.9.0\objectdb-2.9.0\objectdb.conf

[2024-10-29 21:15:42 #3 type] 
Type odb_test.Student is not enhanced.

[2024-10-29 21:15:42 #4 type] 
Type odb_test.Enrollment is not enhanced.

[2024-10-29 21:15:42 #5 type] 
Type odb_test.Course is not enhanced.

[2024-10-29 21:15:42 #6 store] 
Database 'D:\Stuff\X-tras\Programs for work\objectdb-2.9.0\objectdb-2.9.0\db\odbtest.odb' is closed by 18840@DESKTOP-O31KUMM

[2024-10-29 21:15:43 #7 store] 
Database 'D:\Stuff\X-tras\Programs for work\objectdb-2.9.0\objectdb-2.9.0\db\odbtest.odb' is opened by 18840@DESKTOP-O31KUMM

[2024-10-29 21:15:43 #8 store] 
Configuration path: D:\Stuff\X-tras\Programs for work\objectdb-2.9.0\objectdb-2.9.0\objectdb.conf

[2024-10-29 21:15:43 #9 store] 
Database 'D:\Stuff\X-tras\Programs for work\objectdb-2.9.0\objectdb-2.9.0\db\odbtest.odb' is closed by 18840@DESKTOP-O31KUMM

[2024-10-29 21:15:43 #10 store] 
Database 'D:\Stuff\X-tras\Programs for work\objectdb-2.9.0\objectdb-2.9.0\db\odbtest.odb' is opened by 18840@DESKTOP-O31KUMM

[2024-10-29 21:15:43 #11 store] 
Configuration path: D:\Stuff\X-tras\Programs for work\objectdb-2.9.0\objectdb-2.9.0\objectdb.conf

[2024-10-29 21:15:43 #12 store] 
Database 'D:\Stuff\X-tras\Programs for work\objectdb-2.9.0\objectdb-2.9.0\db\odbtest.odb' is closed by 18840@DESKTOP-O31KUMM

------------------------------------------------------------------------------------------------------------------------

[2024-10-29 21:16:18 #1 store] 
Database 'D:\Stuff\X-tras\Programs for work\objectdb-2.9.0\objectdb-2.9.0\db\odbtest.odb' is opened by 6280@DESKTOP-O31KUMM

[2024-10-29 21:16:18 #2 store] 
Configuration path: D:\Stuff\X-tras\Programs for work\objectdb-2.9.0\objectdb-2.9.0\objectdb.conf

[2024-10-29 21:16:18 #3 type] 
Type odb_test.Student is not enhanced.

[2024-10-29 21:16:18 #4 type] 
Type odb_test.Enrollment is not enhanced.

[2024-10-29 21:16:18 #5 type] 
Type odb_test.Course is not enhanced.

[2024-10-29 21:16:18 #6 store] 
Database 'D:\Stuff\X-tras\Programs for work\objectdb-2.9.0\objectdb-2.9.0\db\odbtest.odb' is closed by 6280@DESKTOP-O31KUMM

[2024-10-29 21:16:19 #7 store] 
Database 'D:\Stuff\X-tras\Programs for work\objectdb-2.9.0\objectdb-2.9.0\db\odbtest.odb' is opened by 6280@DESKTOP-O31KUMM

[2024-10-29 21:16:19 #8 store] 
Configuration path: D:\Stuff\X-tras\Programs for work\objectdb-2.9.0\objectdb-2.9.0\objectdb.conf

[2024-10-29 21:16:19 #9 store] 
Database 'D:\Stuff\X-tras\Programs for work\objectdb-2.9.0\objectdb-2.9.0\db\odbtest.odb' is closed by 6280@DESKTOP-O31KUMM

[2024-10-29 21:16:19 #10 store] 
Database 'D:\Stuff\X-tras\Programs for work\objectdb-2.9.0\objectdb-2.9.0\db\odbtest.odb' is opened by 6280@DESKTOP-O31KUMM

[2024-10-29 21:16:19 #11 store] 
Configuration path: D:\Stuff\X-tras\Programs for work\objectdb-2.9.0\objectdb-2.9.0\objectdb.conf

[2024-10-29 21:16:19 #12 store] 
Database 'D:\Stuff\X-tras\Programs for work\objectdb-2.9.0\objectdb-2.9.0\db\odbtest.odb' is closed by 6280@DESKTOP-O31KUMM

------------------------------------------------------------------------------------------------------------------------

[2024-10-29 21:16:32 #1 store] 
Database 'D:\Stuff\X-tras\Programs for work\objectdb-2.9.0\objectdb-2.9.0\db\odbtest.odb' is opened by 18828@DESKTOP-O31KUMM

[2024-10-29 21:16:32 #2 store] 
Configuration path: D:\Stuff\X-tras\Programs for work\objectdb-2.9.0\objectdb-2.9.0\objectdb.conf

[2024-10-29 21:16:32 #3 type] 
Type odb_test.Student is not enhanced.

[2024-10-29 21:16:32 #4 type] 
Type odb_test.Enrollment is not enhanced.

[2024-10-29 21:16:32 #5 type] 
Type odb_test.Course is not enhanced.

[2024-10-29 21:16:32 #6 store] 
Database 'D:\Stuff\X-tras\Programs for work\objectdb-2.9.0\objectdb-2.9.0\db\odbtest.odb' is closed by 18828@DESKTOP-O31KUMM

[2024-10-29 21:16:32 #7 store] 
Database 'D:\Stuff\X-tras\Programs for work\objectdb-2.9.0\objectdb-2.9.0\db\odbtest.odb' is opened by 18828@DESKTOP-O31KUMM

[2024-10-29 21:16:32 #8 store] 
Configuration path: D:\Stuff\X-tras\Programs for work\objectdb-2.9.0\objectdb-2.9.0\objectdb.conf

[2024-10-29 21:16:32 #9 store] 
Database 'D:\Stuff\X-tras\Programs for work\objectdb-2.9.0\objectdb-2.9.0\db\odbtest.odb' is closed by 18828@DESKTOP-O31KUMM

[2024-10-29 21:16:33 #10 store] 
Database 'D:\Stuff\X-tras\Programs for work\objectdb-2.9.0\objectdb-2.9.0\db\odbtest.odb' is opened by 18828@DESKTOP-O31KUMM

[2024-10-29 21:16:33 #11 store] 
Configuration path: D:\Stuff\X-tras\Programs for work\objectdb-2.9.0\objectdb-2.9.0\objectdb.conf

[2024-10-29 21:16:33 #12 store] 
Database 'D:\Stuff\X-tras\Programs for work\objectdb-2.9.0\objectdb-2.9.0\db\odbtest.odb' is closed by 18828@DESKTOP-O31KUMM

------------------------------------------------------------------------------------------------------------------------

[2024-10-29 21:17:35 #1 store] 
Database 'D:\Stuff\X-tras\Programs for work\objectdb-2.9.0\objectdb-2.9.0\db\odbtest.odb' is opened by 9068@DESKTOP-O31KUMM

[2024-10-29 21:17:35 #2 store] 
Configuration path: D:\Stuff\X-tras\Programs for work\objectdb-2.9.0\objectdb-2.9.0\objectdb.conf

[2024-10-29 21:17:35 #3 type] 
Type odb_test.Student is not enhanced.

[2024-10-29 21:17:35 #4 type] 
Type odb_test.Enrollment is not enhanced.

[2024-10-29 21:17:35 #5 type] 
Type odb_test.Course is not enhanced.

[2024-10-29 21:17:35 #6 store] 
Database 'D:\Stuff\X-tras\Programs for work\objectdb-2.9.0\objectdb-2.9.0\db\odbtest.odb' is closed by 9068@DESKTOP-O31KUMM

[2024-10-29 21:17:35 #7 store] 
Database 'D:\Stuff\X-tras\Programs for work\objectdb-2.9.0\objectdb-2.9.0\db\odbtest.odb' is opened by 9068@DESKTOP-O31KUMM

[2024-10-29 21:17:35 #8 store] 
Configuration path: D:\Stuff\X-tras\Programs for work\objectdb-2.9.0\objectdb-2.9.0\objectdb.conf

[2024-10-29 21:17:35 #9 store] 
Database 'D:\Stuff\X-tras\Programs for work\objectdb-2.9.0\objectdb-2.9.0\db\odbtest.odb' is closed by 9068@DESKTOP-O31KUMM

[2024-10-29 21:17:35 #10 store] 
Database 'D:\Stuff\X-tras\Programs for work\objectdb-2.9.0\objectdb-2.9.0\db\odbtest.odb' is opened by 9068@DESKTOP-O31KUMM

[2024-10-29 21:17:35 #11 store] 
Configuration path: D:\Stuff\X-tras\Programs for work\objectdb-2.9.0\objectdb-2.9.0\objectdb.conf

[2024-10-29 21:17:35 #12 store] 
Database 'D:\Stuff\X-tras\Programs for work\objectdb-2.9.0\objectdb-2.9.0\db\odbtest.odb' is closed by 9068@DESKTOP-O31KUMM

------------------------------------------------------------------------------------------------------------------------

[2024-10-29 21:18:26 #1 store] 
Database 'D:\Stuff\X-tras\Programs for work\objectdb-2.9.0\objectdb-2.9.0\db\odbtest.odb' is opened by 21388@DESKTOP-O31KUMM

[2024-10-29 21:18:26 #2 store] 
Configuration path: D:\Stuff\X-tras\Programs for work\objectdb-2.9.0\objectdb-2.9.0\objectdb.conf

[2024-10-29 21:18:26 #3 type] 
Type odb_test.Student is not enhanced.

[2024-10-29 21:18:26 #4 type] 
Type odb_test.Enrollment is not enhanced.

[2024-10-29 21:18:26 #5 type] 
Type odb_test.Course is not enhanced.

[2024-10-29 21:18:26 #6 store] 
Database 'D:\Stuff\X-tras\Programs for work\objectdb-2.9.0\objectdb-2.9.0\db\odbtest.odb' is closed by 21388@DESKTOP-O31KUMM

[2024-10-29 21:18:26 #7 store] 
Database 'D:\Stuff\X-tras\Programs for work\objectdb-2.9.0\objectdb-2.9.0\db\odbtest.odb' is opened by 21388@DESKTOP-O31KUMM

[2024-10-29 21:18:26 #8 store] 
Configuration path: D:\Stuff\X-tras\Programs for work\objectdb-2.9.0\objectdb-2.9.0\objectdb.conf

[2024-10-29 21:18:26 #9 store] 
Database 'D:\Stuff\X-tras\Programs for work\objectdb-2.9.0\objectdb-2.9.0\db\odbtest.odb' is closed by 21388@DESKTOP-O31KUMM

[2024-10-29 21:18:27 #10 store] 
Database 'D:\Stuff\X-tras\Programs for work\objectdb-2.9.0\objectdb-2.9.0\db\odbtest.odb' is opened by 21388@DESKTOP-O31KUMM

[2024-10-29 21:18:27 #11 store] 
Configuration path: D:\Stuff\X-tras\Programs for work\objectdb-2.9.0\objectdb-2.9.0\objectdb.conf

[2024-10-29 21:18:27 #12 store] 
Database 'D:\Stuff\X-tras\Programs for work\objectdb-2.9.0\objectdb-2.9.0\db\odbtest.odb' is closed by 21388@DESKTOP-O31KUMM

------------------------------------------------------------------------------------------------------------------------

[2024-10-29 21:18:54 #1 store] 
Database 'D:\Stuff\X-tras\Programs for work\objectdb-2.9.0\objectdb-2.9.0\db\odbtest.odb' is opened by 19604@DESKTOP-O31KUMM

[2024-10-29 21:18:54 #2 store] 
Configuration path: D:\Stuff\X-tras\Programs for work\objectdb-2.9.0\objectdb-2.9.0\objectdb.conf

[2024-10-29 21:18:54 #3 type] 
Type odb_test.Student is not enhanced.

[2024-10-29 21:18:54 #4 type] 
Type odb_test.Enrollment is not enhanced.

[2024-10-29 21:18:54 #5 type] 
Type odb_test.Course is not enhanced.

[2024-10-29 21:18:54 #6 store] 
Database 'D:\Stuff\X-tras\Programs for work\objectdb-2.9.0\objectdb-2.9.0\db\odbtest.odb' is closed by 19604@DESKTOP-O31KUMM

[2024-10-29 21:18:54 #7 store] 
Database 'D:\Stuff\X-tras\Programs for work\objectdb-2.9.0\objectdb-2.9.0\db\odbtest.odb' is opened by 19604@DESKTOP-O31KUMM

[2024-10-29 21:18:54 #8 store] 
Configuration path: D:\Stuff\X-tras\Programs for work\objectdb-2.9.0\objectdb-2.9.0\objectdb.conf

[2024-10-29 21:18:54 #9 store] 
Database 'D:\Stuff\X-tras\Programs for work\objectdb-2.9.0\objectdb-2.9.0\db\odbtest.odb' is closed by 19604@DESKTOP-O31KUMM

[2024-10-29 21:18:55 #10 store] 
Database 'D:\Stuff\X-tras\Programs for work\objectdb-2.9.0\objectdb-2.9.0\db\odbtest.odb' is opened by 19604@DESKTOP-O31KUMM

[2024-10-29 21:18:55 #11 store] 
Configuration path: D:\Stuff\X-tras\Programs for work\objectdb-2.9.0\objectdb-2.9.0\objectdb.conf

[2024-10-29 21:18:55 #12 store] 
Database 'D:\Stuff\X-tras\Programs for work\objectdb-2.9.0\objectdb-2.9.0\db\odbtest.odb' is closed by 19604@DESKTOP-O31KUMM

